2025-09-28 09:32:31 [main] INFO  c.e.msmq.MsmqManagerApplication - Starting MsmqManagerApplication using Java 21.0.8 with PID 40004 (C:\Users\Hp\Documents\GitHub\msmq-manager\target\classes started by Hp in C:\Users\Hp\Documents\GitHub\msmq-manager)
2025-09-28 09:32:31 [main] INFO  c.e.msmq.MsmqManagerApplication - The following 1 profile is active: "dev"
2025-09-28 09:32:33 [main] INFO  o.s.d.r.c.RepositoryConfigurationDelegate - Multiple Spring Data modules found, entering strict repository configuration mode
2025-09-28 09:32:33 [main] INFO  o.s.d.r.c.RepositoryConfigurationDelegate - Bootstrapping Spring Data JPA repositories in DEFAULT mode.
2025-09-28 09:32:33 [main] INFO  o.s.d.r.c.RepositoryConfigurationDelegate - Finished Spring Data repository scanning in 169 ms. Found 5 JPA repository interfaces.
2025-09-28 09:32:33 [main] INFO  o.s.d.r.c.RepositoryConfigurationDelegate - Multiple Spring Data modules found, entering strict repository configuration mode
2025-09-28 09:32:33 [main] INFO  o.s.d.r.c.RepositoryConfigurationDelegate - Bootstrapping Spring Data Redis repositories in DEFAULT mode.
2025-09-28 09:32:33 [main] INFO  o.s.d.r.c.RepositoryConfigurationExtensionSupport - Spring Data Redis - Could not safely identify store assignment for repository candidate interface com.enterprise.msmq.repository.EmailConfigurationRepository; If you want this repository to be a Redis repository, consider annotating your entities with one of these annotations: org.springframework.data.redis.core.RedisHash (preferred), or consider extending one of the following types with your repository: org.springframework.data.keyvalue.repository.KeyValueRepository
2025-09-28 09:32:33 [main] INFO  o.s.d.r.c.RepositoryConfigurationExtensionSupport - Spring Data Redis - Could not safely identify store assignment for repository candidate interface com.enterprise.msmq.repository.MailingListRepository; If you want this repository to be a Redis repository, consider annotating your entities with one of these annotations: org.springframework.data.redis.core.RedisHash (preferred), or consider extending one of the following types with your repository: org.springframework.data.keyvalue.repository.KeyValueRepository
2025-09-28 09:32:33 [main] INFO  o.s.d.r.c.RepositoryConfigurationExtensionSupport - Spring Data Redis - Could not safely identify store assignment for repository candidate interface com.enterprise.msmq.repository.MsmqMessageRepository; If you want this repository to be a Redis repository, consider annotating your entities with one of these annotations: org.springframework.data.redis.core.RedisHash (preferred), or consider extending one of the following types with your repository: org.springframework.data.keyvalue.repository.KeyValueRepository
2025-09-28 09:32:33 [main] INFO  o.s.d.r.c.RepositoryConfigurationExtensionSupport - Spring Data Redis - Could not safely identify store assignment for repository candidate interface com.enterprise.msmq.repository.MsmqMessageTemplateRepository; If you want this repository to be a Redis repository, consider annotating your entities with one of these annotations: org.springframework.data.redis.core.RedisHash (preferred), or consider extending one of the following types with your repository: org.springframework.data.keyvalue.repository.KeyValueRepository
2025-09-28 09:32:33 [main] INFO  o.s.d.r.c.RepositoryConfigurationExtensionSupport - Spring Data Redis - Could not safely identify store assignment for repository candidate interface com.enterprise.msmq.repository.MsmqQueueConfigRepository; If you want this repository to be a Redis repository, consider annotating your entities with one of these annotations: org.springframework.data.redis.core.RedisHash (preferred), or consider extending one of the following types with your repository: org.springframework.data.keyvalue.repository.KeyValueRepository
2025-09-28 09:32:33 [main] INFO  o.s.d.r.c.RepositoryConfigurationDelegate - Finished Spring Data repository scanning in 23 ms. Found 0 Redis repository interfaces.
2025-09-28 09:32:35 [main] INFO  o.s.b.w.e.tomcat.TomcatWebServer - Tomcat initialized with port 8081 (http)
2025-09-28 09:32:35 [main] INFO  o.a.catalina.core.StandardService - Starting service [Tomcat]
2025-09-28 09:32:35 [main] INFO  o.a.catalina.core.StandardEngine - Starting Servlet engine: [Apache Tomcat/10.1.16]
2025-09-28 09:32:35 [main] INFO  o.a.c.c.C.[.[localhost].[/api] - Initializing Spring embedded WebApplicationContext
2025-09-28 09:32:35 [main] INFO  o.s.b.w.s.c.ServletWebServerApplicationContext - Root WebApplicationContext: initialization completed in 3891 ms
2025-09-28 09:32:36 [main] INFO  com.zaxxer.hikari.HikariDataSource - HikariPool-1 - Starting...
2025-09-28 09:32:36 [main] INFO  com.zaxxer.hikari.pool.HikariPool - HikariPool-1 - Added connection org.postgresql.jdbc.PgConnection@65d6640
2025-09-28 09:32:36 [main] INFO  com.zaxxer.hikari.HikariDataSource - HikariPool-1 - Start completed.
2025-09-28 09:32:36 [main] INFO  o.f.c.i.license.VersionPrinter - Flyway Community Edition 9.22.3 by Redgate
2025-09-28 09:32:36 [main] INFO  o.f.c.i.license.VersionPrinter - See release notes here: https://rd.gt/416ObMi
2025-09-28 09:32:36 [main] INFO  o.f.c.i.license.VersionPrinter - 
2025-09-28 09:32:36 [main] INFO  org.flywaydb.core.FlywayExecutor - Database: jdbc:postgresql://localhost:5436/msmq_manager (PostgreSQL 17.6)
2025-09-28 09:32:36 [main] WARN  o.f.c.i.database.base.Database - Flyway upgrade recommended: PostgreSQL 17.6 is newer than this version of Flyway and support has not been tested. The latest supported version of PostgreSQL is 15.
2025-09-28 09:32:36 [main] INFO  o.f.core.internal.command.DbValidate - Successfully validated 7 migrations (execution time 00:00.078s)
2025-09-28 09:32:36 [main] INFO  o.f.core.internal.command.DbMigrate - Current version of schema "public": 7
2025-09-28 09:32:36 [main] INFO  o.f.core.internal.command.DbMigrate - Schema "public" is up to date. No migration necessary.
2025-09-28 09:32:37 [main] INFO  o.h.jpa.internal.util.LogHelper - HHH000204: Processing PersistenceUnitInfo [name: default]
2025-09-28 09:32:37 [main] INFO  org.hibernate.Version - HHH000412: Hibernate ORM core version 6.3.1.Final
2025-09-28 09:32:37 [main] INFO  o.h.c.i.RegionFactoryInitiator - HHH000026: Second-level cache disabled
2025-09-28 09:32:37 [main] INFO  o.s.o.j.p.SpringPersistenceUnitInfo - No LoadTimeWeaver setup: ignoring JPA class transformer
2025-09-28 09:32:37 [main] WARN  org.hibernate.orm.deprecation - HHH90000025: PostgreSQLDialect does not need to be specified explicitly using 'hibernate.dialect' (remove the property setting and it will be selected by default)
2025-09-28 09:32:39 [main] INFO  o.h.e.t.j.p.i.JtaPlatformInitiator - HHH000489: No JTA platform available (set 'hibernate.transaction.jta.platform' to enable JTA platform integration)
2025-09-28 09:32:39 [main] INFO  o.s.o.j.LocalContainerEntityManagerFactoryBean - Initialized JPA EntityManagerFactory for persistence unit 'default'
2025-09-28 09:32:39 [main] INFO  o.s.d.j.r.query.QueryEnhancerFactory - Hibernate is in classpath; If applicable, HQL parser will be used.
2025-09-28 09:32:41 [main] INFO  c.e.msmq.service.MsmqService - Initialized MSMQ connection manager using type: POWERSHELL
2025-09-28 09:32:41 [main] INFO  c.e.msmq.service.MsmqService - Initialized MSMQ queue manager using type: POWERSHELL
2025-09-28 09:32:42 [main] WARN  o.s.b.a.o.j.JpaBaseConfiguration$JpaWebConfiguration - spring.jpa.open-in-view is enabled by default. Therefore, database queries may be performed during view rendering. Explicitly configure spring.jpa.open-in-view to disable this warning
2025-09-28 09:32:43 [main] INFO  o.s.b.a.e.web.EndpointLinksResolver - Exposing 4 endpoint(s) beneath base path '/actuator'
2025-09-28 09:32:43 [main] INFO  o.s.s.web.DefaultSecurityFilterChain - Will secure any request with [org.springframework.security.web.session.DisableEncodeUrlFilter@63f562b8, org.springframework.security.web.context.request.async.WebAsyncManagerIntegrationFilter@4714ae0d, org.springframework.security.web.context.SecurityContextHolderFilter@6b0c851b, org.springframework.security.web.header.HeaderWriterFilter@30749de8, org.springframework.web.filter.CorsFilter@2111c3cc, org.springframework.security.web.authentication.logout.LogoutFilter@3504fbfe, org.springframework.security.web.authentication.www.BasicAuthenticationFilter@44cea6bb, org.springframework.security.web.savedrequest.RequestCacheAwareFilter@288cca9, org.springframework.security.web.servletapi.SecurityContextHolderAwareRequestFilter@2b1fecfc, org.springframework.security.web.authentication.AnonymousAuthenticationFilter@22c2365d, org.springframework.security.web.access.ExceptionTranslationFilter@7c53d3c, org.springframework.security.web.access.intercept.AuthorizationFilter@6c946b14]
2025-09-28 09:32:44 [main] INFO  o.s.b.w.e.tomcat.TomcatWebServer - Tomcat started on port 8081 (http) with context path '/api'
2025-09-28 09:32:44 [main] INFO  c.e.msmq.MsmqManagerApplication - Started MsmqManagerApplication in 13.704 seconds (process running for 14.622)
2025-09-28 09:32:44 [main] INFO  c.e.msmq.config.MsmqStartupConfig - Application is ready, starting MSMQ queue synchronization...
2025-09-28 09:32:44 [scheduling-1] INFO  c.e.m.service.MsmqQueueSyncService - Starting MSMQ queue synchronization...
2025-09-28 09:32:45 [scheduling-1] INFO  c.e.m.service.MsmqQueueSyncService - Found 0 queues in MSMQ system
2025-09-28 09:32:45 [scheduling-1] INFO  c.e.m.service.MsmqQueueSyncService - Found 0 existing queue configurations in database
2025-09-28 09:32:45 [scheduling-1] INFO  c.e.m.service.MsmqQueueSyncService - Queue synchronization completed: Sync completed: 0 total, 0 created, 0 updated, 0 deleted
2025-09-28 09:32:45 [scheduling-1] INFO  c.e.m.s.ScheduledQueueSyncService - Scheduled queue sync completed in 804ms: Sync completed: 0 total, 0 created, 0 updated, 0 deleted
2025-09-28 09:32:45 [scheduling-1] WARN  c.e.m.service.QueueMonitoringService - ALERT [QUEUE_INACTIVE_TOO_LONG]: Queue 'default-queue' has been inactive for more than 24 hours
2025-09-28 09:32:46 [RMI TCP Connection(2)-127.0.0.1] INFO  o.a.c.c.C.[.[localhost].[/api] - Initializing Spring DispatcherServlet 'dispatcherServlet'
2025-09-28 09:32:46 [RMI TCP Connection(2)-127.0.0.1] INFO  o.s.web.servlet.DispatcherServlet - Initializing Servlet 'dispatcherServlet'
2025-09-28 09:32:46 [RMI TCP Connection(2)-127.0.0.1] INFO  o.s.web.servlet.DispatcherServlet - Completed initialization in 3 ms
2025-09-28 09:32:46 [main] INFO  c.e.m.service.MsmqQueueSyncService - Starting MSMQ queue synchronization...
2025-09-28 09:32:43 [main] INFO  c.e.m.service.MsmqQueueSyncService - Found 0 queues in MSMQ system
2025-09-28 09:32:43 [main] INFO  c.e.m.service.MsmqQueueSyncService - Found 0 existing queue configurations in database
2025-09-28 09:32:43 [main] INFO  c.e.m.service.MsmqQueueSyncService - Queue synchronization completed: Sync completed: 0 total, 0 created, 0 updated, 0 deleted
2025-09-28 09:32:43 [main] INFO  c.e.msmq.config.MsmqStartupConfig - MSMQ startup synchronization completed successfully: Sync completed: 0 total, 0 created, 0 updated, 0 deleted
2025-09-28 09:32:43 [main] INFO  c.e.m.s.MsmqIntegrationTestService - 🚀 Starting MSMQ Integration Tests (delay: 5000ms)...
2025-09-28 09:32:45 [scheduling-1] WARN  c.e.m.s.EmailNotificationService - Email send attempt 1 failed, retrying in 5000ms: Authentication failed
2025-09-28 09:32:48 [main] INFO  c.e.m.s.MsmqIntegrationTestService - ✅ All MSMQ Integration Tests completed successfully!
2025-09-28 09:32:48 [main] INFO  c.e.m.s.MsmqIntegrationTestService - 📋 Creating Securities Settlement template...
2025-09-28 09:32:48 [main] INFO  c.e.m.s.MsmqIntegrationTestService - ℹ️ Securities Settlement template already exists, skipping creation
2025-09-28 09:32:53 [scheduling-1] WARN  c.e.m.s.EmailNotificationService - Email send attempt 2 failed, retrying in 5000ms: Authentication failed
2025-09-28 09:33:00 [scheduling-1] ERROR c.e.m.s.EmailNotificationService - Failed to send email after 3 attempts to recipients: [admin@yourcompany.com]
2025-09-28 09:33:00 [scheduling-1] ERROR c.e.m.s.EmailNotificationService - Failed to send email notification to mailing list 'System Administrators': Email send failed after 3 attempts
java.lang.RuntimeException: Email send failed after 3 attempts
	at com.enterprise.msmq.service.EmailNotificationService.sendWithRetry(EmailNotificationService.java:293)
	at com.enterprise.msmq.service.EmailNotificationService.sendEmailToMailingList(EmailNotificationService.java:108)
	at com.enterprise.msmq.service.EmailNotificationService.sendAlertNotification(EmailNotificationService.java:79)
	at com.enterprise.msmq.service.QueueMonitoringService.createAlert(QueueMonitoringService.java:250)
	at com.enterprise.msmq.service.QueueMonitoringService.checkInactiveQueues(QueueMonitoringService.java:104)
	at com.enterprise.msmq.service.ScheduledQueueSyncService.scheduledQueueSync(ScheduledQueueSyncService.java:62)
	at java.base/jdk.internal.reflect.DirectMethodHandleAccessor.invoke(DirectMethodHandleAccessor.java:103)
	at java.base/java.lang.reflect.Method.invoke(Method.java:580)
	at org.springframework.scheduling.support.ScheduledMethodRunnable.runInternal(ScheduledMethodRunnable.java:130)
	at org.springframework.scheduling.support.ScheduledMethodRunnable.lambda$run$2(ScheduledMethodRunnable.java:124)
	at io.micrometer.observation.Observation.observe(Observation.java:499)
	at org.springframework.scheduling.support.ScheduledMethodRunnable.run(ScheduledMethodRunnable.java:124)
	at org.springframework.scheduling.support.DelegatingErrorHandlingRunnable.run(DelegatingErrorHandlingRunnable.java:54)
	at java.base/java.util.concurrent.Executors$RunnableAdapter.call(Executors.java:572)
	at java.base/java.util.concurrent.FutureTask.runAndReset(FutureTask.java:358)
	at java.base/java.util.concurrent.ScheduledThreadPoolExecutor$ScheduledFutureTask.run(ScheduledThreadPoolExecutor.java:305)
	at java.base/java.util.concurrent.ThreadPoolExecutor.runWorker(ThreadPoolExecutor.java:1144)
	at java.base/java.util.concurrent.ThreadPoolExecutor$Worker.run(ThreadPoolExecutor.java:642)
	at java.base/java.lang.Thread.run(Thread.java:1583)
Caused by: org.springframework.mail.MailAuthenticationException: Authentication failed
	at org.springframework.mail.javamail.JavaMailSenderImpl.doSend(JavaMailSenderImpl.java:402)
	at org.springframework.mail.javamail.JavaMailSenderImpl.send(JavaMailSenderImpl.java:350)
	at org.springframework.mail.javamail.JavaMailSender.send(JavaMailSender.java:101)
	at com.enterprise.msmq.service.EmailNotificationService.sendWithRetry(EmailNotificationService.java:271)
	... 18 common frames omitted
Caused by: jakarta.mail.AuthenticationFailedException: 535-5.7.8 Username and Password not accepted. For more information, go to
535 5.7.8  https://support.google.com/mail/?p=BadCredentials 5b1f17b1804b1-46e2ab48c28sm177265855e9.18 - gsmtp

	at org.eclipse.angus.mail.smtp.SMTPTransport$Authenticator.authenticate(SMTPTransport.java:954)
	at org.eclipse.angus.mail.smtp.SMTPTransport.authenticate(SMTPTransport.java:865)
	at org.eclipse.angus.mail.smtp.SMTPTransport.protocolConnect(SMTPTransport.java:769)
	at jakarta.mail.Service.connect(Service.java:345)
	at org.springframework.mail.javamail.JavaMailSenderImpl.connectTransport(JavaMailSenderImpl.java:480)
	at org.springframework.mail.javamail.JavaMailSenderImpl.doSend(JavaMailSenderImpl.java:399)
	... 21 common frames omitted
2025-09-28 09:33:00 [scheduling-1] INFO  c.e.m.s.EmailNotificationService - Sent email notifications for alert [QUEUE_INACTIVE_TOO_LONG] to 1 mailing lists
2025-09-28 09:37:40 [scheduling-1] INFO  c.e.m.service.MsmqQueueSyncService - Starting MSMQ queue synchronization...
2025-09-28 09:37:41 [scheduling-1] INFO  c.e.m.service.MsmqQueueSyncService - Found 0 queues in MSMQ system
2025-09-28 09:37:41 [scheduling-1] INFO  c.e.m.service.MsmqQueueSyncService - Found 0 existing queue configurations in database
2025-09-28 09:37:41 [scheduling-1] INFO  c.e.m.service.MsmqQueueSyncService - Queue synchronization completed: Sync completed: 0 total, 0 created, 0 updated, 0 deleted
2025-09-28 09:37:41 [scheduling-1] INFO  c.e.m.s.ScheduledQueueSyncService - Scheduled queue sync completed in 538ms: Sync completed: 0 total, 0 created, 0 updated, 0 deleted
2025-09-28 09:37:41 [scheduling-1] WARN  c.e.m.service.QueueMonitoringService - ALERT [QUEUE_INACTIVE_TOO_LONG]: Queue 'default-queue' has been inactive for more than 24 hours
2025-09-28 09:37:44 [scheduling-1] WARN  c.e.m.s.EmailNotificationService - Email send attempt 1 failed, retrying in 5000ms: Authentication failed
2025-09-28 09:37:52 [scheduling-1] WARN  c.e.m.s.EmailNotificationService - Email send attempt 2 failed, retrying in 5000ms: Authentication failed
2025-09-28 09:37:59 [scheduling-1] ERROR c.e.m.s.EmailNotificationService - Failed to send email after 3 attempts to recipients: [admin@yourcompany.com]
2025-09-28 09:37:59 [scheduling-1] ERROR c.e.m.s.EmailNotificationService - Failed to send email notification to mailing list 'System Administrators': Email send failed after 3 attempts
java.lang.RuntimeException: Email send failed after 3 attempts
	at com.enterprise.msmq.service.EmailNotificationService.sendWithRetry(EmailNotificationService.java:293)
	at com.enterprise.msmq.service.EmailNotificationService.sendEmailToMailingList(EmailNotificationService.java:108)
	at com.enterprise.msmq.service.EmailNotificationService.sendAlertNotification(EmailNotificationService.java:79)
	at com.enterprise.msmq.service.QueueMonitoringService.createAlert(QueueMonitoringService.java:250)
	at com.enterprise.msmq.service.QueueMonitoringService.checkInactiveQueues(QueueMonitoringService.java:104)
	at com.enterprise.msmq.service.ScheduledQueueSyncService.scheduledQueueSync(ScheduledQueueSyncService.java:62)
	at java.base/jdk.internal.reflect.DirectMethodHandleAccessor.invoke(DirectMethodHandleAccessor.java:103)
	at java.base/java.lang.reflect.Method.invoke(Method.java:580)
	at org.springframework.scheduling.support.ScheduledMethodRunnable.runInternal(ScheduledMethodRunnable.java:130)
	at org.springframework.scheduling.support.ScheduledMethodRunnable.lambda$run$2(ScheduledMethodRunnable.java:124)
	at io.micrometer.observation.Observation.observe(Observation.java:499)
	at org.springframework.scheduling.support.ScheduledMethodRunnable.run(ScheduledMethodRunnable.java:124)
	at org.springframework.scheduling.support.DelegatingErrorHandlingRunnable.run(DelegatingErrorHandlingRunnable.java:54)
	at java.base/java.util.concurrent.Executors$RunnableAdapter.call(Executors.java:572)
	at java.base/java.util.concurrent.FutureTask.runAndReset(FutureTask.java:358)
	at java.base/java.util.concurrent.ScheduledThreadPoolExecutor$ScheduledFutureTask.run(ScheduledThreadPoolExecutor.java:305)
	at java.base/java.util.concurrent.ThreadPoolExecutor.runWorker(ThreadPoolExecutor.java:1144)
	at java.base/java.util.concurrent.ThreadPoolExecutor$Worker.run(ThreadPoolExecutor.java:642)
	at java.base/java.lang.Thread.run(Thread.java:1583)
Caused by: org.springframework.mail.MailAuthenticationException: Authentication failed
	at org.springframework.mail.javamail.JavaMailSenderImpl.doSend(JavaMailSenderImpl.java:402)
	at org.springframework.mail.javamail.JavaMailSenderImpl.send(JavaMailSenderImpl.java:350)
	at org.springframework.mail.javamail.JavaMailSender.send(JavaMailSender.java:101)
	at com.enterprise.msmq.service.EmailNotificationService.sendWithRetry(EmailNotificationService.java:271)
	... 18 common frames omitted
Caused by: jakarta.mail.AuthenticationFailedException: 535-5.7.8 Username and Password not accepted. For more information, go to
535 5.7.8  https://support.google.com/mail/?p=BadCredentials 5b1f17b1804b1-46e33bede39sm140659215e9.18 - gsmtp

	at org.eclipse.angus.mail.smtp.SMTPTransport$Authenticator.authenticate(SMTPTransport.java:954)
	at org.eclipse.angus.mail.smtp.SMTPTransport.authenticate(SMTPTransport.java:865)
	at org.eclipse.angus.mail.smtp.SMTPTransport.protocolConnect(SMTPTransport.java:769)
	at jakarta.mail.Service.connect(Service.java:345)
	at org.springframework.mail.javamail.JavaMailSenderImpl.connectTransport(JavaMailSenderImpl.java:480)
	at org.springframework.mail.javamail.JavaMailSenderImpl.doSend(JavaMailSenderImpl.java:399)
	... 21 common frames omitted
2025-09-28 09:37:59 [scheduling-1] INFO  c.e.m.s.EmailNotificationService - Sent email notifications for alert [QUEUE_INACTIVE_TOO_LONG] to 1 mailing lists
2025-09-28 09:42:40 [scheduling-1] INFO  c.e.m.service.MsmqQueueSyncService - Starting MSMQ queue synchronization...
2025-09-28 09:42:42 [scheduling-1] INFO  c.e.m.service.MsmqQueueSyncService - Found 0 queues in MSMQ system
2025-09-28 09:42:42 [scheduling-1] INFO  c.e.m.service.MsmqQueueSyncService - Found 0 existing queue configurations in database
2025-09-28 09:42:42 [scheduling-1] INFO  c.e.m.service.MsmqQueueSyncService - Queue synchronization completed: Sync completed: 0 total, 0 created, 0 updated, 0 deleted
2025-09-28 09:42:42 [scheduling-1] INFO  c.e.m.s.ScheduledQueueSyncService - Scheduled queue sync completed in 1331ms: Sync completed: 0 total, 0 created, 0 updated, 0 deleted
2025-09-28 09:42:42 [scheduling-1] WARN  c.e.m.service.QueueMonitoringService - ALERT [QUEUE_INACTIVE_TOO_LONG]: Queue 'default-queue' has been inactive for more than 24 hours
2025-09-28 09:42:44 [scheduling-1] WARN  c.e.m.s.EmailNotificationService - Email send attempt 1 failed, retrying in 5000ms: Authentication failed
2025-09-28 09:42:52 [scheduling-1] WARN  c.e.m.s.EmailNotificationService - Email send attempt 2 failed, retrying in 5000ms: Authentication failed
2025-09-28 09:42:59 [scheduling-1] ERROR c.e.m.s.EmailNotificationService - Failed to send email after 3 attempts to recipients: [admin@yourcompany.com]
2025-09-28 09:42:59 [scheduling-1] ERROR c.e.m.s.EmailNotificationService - Failed to send email notification to mailing list 'System Administrators': Email send failed after 3 attempts
java.lang.RuntimeException: Email send failed after 3 attempts
	at com.enterprise.msmq.service.EmailNotificationService.sendWithRetry(EmailNotificationService.java:293)
	at com.enterprise.msmq.service.EmailNotificationService.sendEmailToMailingList(EmailNotificationService.java:108)
	at com.enterprise.msmq.service.EmailNotificationService.sendAlertNotification(EmailNotificationService.java:79)
	at com.enterprise.msmq.service.QueueMonitoringService.createAlert(QueueMonitoringService.java:250)
	at com.enterprise.msmq.service.QueueMonitoringService.checkInactiveQueues(QueueMonitoringService.java:104)
	at com.enterprise.msmq.service.ScheduledQueueSyncService.scheduledQueueSync(ScheduledQueueSyncService.java:62)
	at java.base/jdk.internal.reflect.DirectMethodHandleAccessor.invoke(DirectMethodHandleAccessor.java:103)
	at java.base/java.lang.reflect.Method.invoke(Method.java:580)
	at org.springframework.scheduling.support.ScheduledMethodRunnable.runInternal(ScheduledMethodRunnable.java:130)
	at org.springframework.scheduling.support.ScheduledMethodRunnable.lambda$run$2(ScheduledMethodRunnable.java:124)
	at io.micrometer.observation.Observation.observe(Observation.java:499)
	at org.springframework.scheduling.support.ScheduledMethodRunnable.run(ScheduledMethodRunnable.java:124)
	at org.springframework.scheduling.support.DelegatingErrorHandlingRunnable.run(DelegatingErrorHandlingRunnable.java:54)
	at java.base/java.util.concurrent.Executors$RunnableAdapter.call(Executors.java:572)
	at java.base/java.util.concurrent.FutureTask.runAndReset(FutureTask.java:358)
	at java.base/java.util.concurrent.ScheduledThreadPoolExecutor$ScheduledFutureTask.run(ScheduledThreadPoolExecutor.java:305)
	at java.base/java.util.concurrent.ThreadPoolExecutor.runWorker(ThreadPoolExecutor.java:1144)
	at java.base/java.util.concurrent.ThreadPoolExecutor$Worker.run(ThreadPoolExecutor.java:642)
	at java.base/java.lang.Thread.run(Thread.java:1583)
Caused by: org.springframework.mail.MailAuthenticationException: Authentication failed
	at org.springframework.mail.javamail.JavaMailSenderImpl.doSend(JavaMailSenderImpl.java:402)
	at org.springframework.mail.javamail.JavaMailSenderImpl.send(JavaMailSenderImpl.java:350)
	at org.springframework.mail.javamail.JavaMailSender.send(JavaMailSender.java:101)
	at com.enterprise.msmq.service.EmailNotificationService.sendWithRetry(EmailNotificationService.java:271)
	... 18 common frames omitted
Caused by: jakarta.mail.AuthenticationFailedException: 535-5.7.8 Username and Password not accepted. For more information, go to
535 5.7.8  https://support.google.com/mail/?p=BadCredentials 5b1f17b1804b1-46e33baab12sm135574145e9.8 - gsmtp

	at org.eclipse.angus.mail.smtp.SMTPTransport$Authenticator.authenticate(SMTPTransport.java:954)
	at org.eclipse.angus.mail.smtp.SMTPTransport.authenticate(SMTPTransport.java:865)
	at org.eclipse.angus.mail.smtp.SMTPTransport.protocolConnect(SMTPTransport.java:769)
	at jakarta.mail.Service.connect(Service.java:345)
	at org.springframework.mail.javamail.JavaMailSenderImpl.connectTransport(JavaMailSenderImpl.java:480)
	at org.springframework.mail.javamail.JavaMailSenderImpl.doSend(JavaMailSenderImpl.java:399)
	... 21 common frames omitted
2025-09-28 09:42:59 [scheduling-1] INFO  c.e.m.s.EmailNotificationService - Sent email notifications for alert [QUEUE_INACTIVE_TOO_LONG] to 1 mailing lists
2025-09-28 09:47:40 [scheduling-1] INFO  c.e.m.service.MsmqQueueSyncService - Starting MSMQ queue synchronization...
2025-09-28 09:47:41 [scheduling-1] INFO  c.e.m.service.MsmqQueueSyncService - Found 0 queues in MSMQ system
2025-09-28 09:47:41 [scheduling-1] INFO  c.e.m.service.MsmqQueueSyncService - Found 0 existing queue configurations in database
2025-09-28 09:47:41 [scheduling-1] INFO  c.e.m.service.MsmqQueueSyncService - Queue synchronization completed: Sync completed: 0 total, 0 created, 0 updated, 0 deleted
2025-09-28 09:47:41 [scheduling-1] INFO  c.e.m.s.ScheduledQueueSyncService - Scheduled queue sync completed in 555ms: Sync completed: 0 total, 0 created, 0 updated, 0 deleted
2025-09-28 09:47:41 [scheduling-1] WARN  c.e.m.service.QueueMonitoringService - ALERT [QUEUE_INACTIVE_TOO_LONG]: Queue 'default-queue' has been inactive for more than 24 hours
2025-09-28 09:47:44 [scheduling-1] WARN  c.e.m.s.EmailNotificationService - Email send attempt 1 failed, retrying in 5000ms: Authentication failed
2025-09-28 09:47:51 [scheduling-1] WARN  c.e.m.s.EmailNotificationService - Email send attempt 2 failed, retrying in 5000ms: Authentication failed
2025-09-28 09:47:59 [scheduling-1] ERROR c.e.m.s.EmailNotificationService - Failed to send email after 3 attempts to recipients: [admin@yourcompany.com]
2025-09-28 09:47:59 [scheduling-1] ERROR c.e.m.s.EmailNotificationService - Failed to send email notification to mailing list 'System Administrators': Email send failed after 3 attempts
java.lang.RuntimeException: Email send failed after 3 attempts
	at com.enterprise.msmq.service.EmailNotificationService.sendWithRetry(EmailNotificationService.java:293)
	at com.enterprise.msmq.service.EmailNotificationService.sendEmailToMailingList(EmailNotificationService.java:108)
	at com.enterprise.msmq.service.EmailNotificationService.sendAlertNotification(EmailNotificationService.java:79)
	at com.enterprise.msmq.service.QueueMonitoringService.createAlert(QueueMonitoringService.java:250)
	at com.enterprise.msmq.service.QueueMonitoringService.checkInactiveQueues(QueueMonitoringService.java:104)
	at com.enterprise.msmq.service.ScheduledQueueSyncService.scheduledQueueSync(ScheduledQueueSyncService.java:62)
	at java.base/jdk.internal.reflect.DirectMethodHandleAccessor.invoke(DirectMethodHandleAccessor.java:103)
	at java.base/java.lang.reflect.Method.invoke(Method.java:580)
	at org.springframework.scheduling.support.ScheduledMethodRunnable.runInternal(ScheduledMethodRunnable.java:130)
	at org.springframework.scheduling.support.ScheduledMethodRunnable.lambda$run$2(ScheduledMethodRunnable.java:124)
	at io.micrometer.observation.Observation.observe(Observation.java:499)
	at org.springframework.scheduling.support.ScheduledMethodRunnable.run(ScheduledMethodRunnable.java:124)
	at org.springframework.scheduling.support.DelegatingErrorHandlingRunnable.run(DelegatingErrorHandlingRunnable.java:54)
	at java.base/java.util.concurrent.Executors$RunnableAdapter.call(Executors.java:572)
	at java.base/java.util.concurrent.FutureTask.runAndReset(FutureTask.java:358)
	at java.base/java.util.concurrent.ScheduledThreadPoolExecutor$ScheduledFutureTask.run(ScheduledThreadPoolExecutor.java:305)
	at java.base/java.util.concurrent.ThreadPoolExecutor.runWorker(ThreadPoolExecutor.java:1144)
	at java.base/java.util.concurrent.ThreadPoolExecutor$Worker.run(ThreadPoolExecutor.java:642)
	at java.base/java.lang.Thread.run(Thread.java:1583)
Caused by: org.springframework.mail.MailAuthenticationException: Authentication failed
	at org.springframework.mail.javamail.JavaMailSenderImpl.doSend(JavaMailSenderImpl.java:402)
	at org.springframework.mail.javamail.JavaMailSenderImpl.send(JavaMailSenderImpl.java:350)
	at org.springframework.mail.javamail.JavaMailSender.send(JavaMailSender.java:101)
	at com.enterprise.msmq.service.EmailNotificationService.sendWithRetry(EmailNotificationService.java:271)
	... 18 common frames omitted
Caused by: jakarta.mail.AuthenticationFailedException: 535-5.7.8 Username and Password not accepted. For more information, go to
535 5.7.8  https://support.google.com/mail/?p=BadCredentials 5b1f17b1804b1-46e2ab7d4e3sm178458315e9.23 - gsmtp

	at org.eclipse.angus.mail.smtp.SMTPTransport$Authenticator.authenticate(SMTPTransport.java:954)
	at org.eclipse.angus.mail.smtp.SMTPTransport.authenticate(SMTPTransport.java:865)
	at org.eclipse.angus.mail.smtp.SMTPTransport.protocolConnect(SMTPTransport.java:769)
	at jakarta.mail.Service.connect(Service.java:345)
	at org.springframework.mail.javamail.JavaMailSenderImpl.connectTransport(JavaMailSenderImpl.java:480)
	at org.springframework.mail.javamail.JavaMailSenderImpl.doSend(JavaMailSenderImpl.java:399)
	... 21 common frames omitted
2025-09-28 09:47:59 [scheduling-1] INFO  c.e.m.s.EmailNotificationService - Sent email notifications for alert [QUEUE_INACTIVE_TOO_LONG] to 1 mailing lists
2025-09-28 09:52:40 [scheduling-1] INFO  c.e.m.service.MsmqQueueSyncService - Starting MSMQ queue synchronization...
2025-09-28 09:52:41 [scheduling-1] INFO  c.e.m.service.MsmqQueueSyncService - Found 0 queues in MSMQ system
2025-09-28 09:52:41 [scheduling-1] INFO  c.e.m.service.MsmqQueueSyncService - Found 0 existing queue configurations in database
2025-09-28 09:52:41 [scheduling-1] INFO  c.e.m.service.MsmqQueueSyncService - Queue synchronization completed: Sync completed: 0 total, 0 created, 0 updated, 0 deleted
2025-09-28 09:52:41 [scheduling-1] INFO  c.e.m.s.ScheduledQueueSyncService - Scheduled queue sync completed in 634ms: Sync completed: 0 total, 0 created, 0 updated, 0 deleted
2025-09-28 09:52:41 [scheduling-1] WARN  c.e.m.service.QueueMonitoringService - ALERT [QUEUE_INACTIVE_TOO_LONG]: Queue 'default-queue' has been inactive for more than 24 hours
2025-09-28 09:52:44 [scheduling-1] WARN  c.e.m.s.EmailNotificationService - Email send attempt 1 failed, retrying in 5000ms: Authentication failed
2025-09-28 09:52:51 [scheduling-1] WARN  c.e.m.s.EmailNotificationService - Email send attempt 2 failed, retrying in 5000ms: Authentication failed
2025-09-28 09:52:59 [scheduling-1] ERROR c.e.m.s.EmailNotificationService - Failed to send email after 3 attempts to recipients: [admin@yourcompany.com]
2025-09-28 09:52:59 [scheduling-1] ERROR c.e.m.s.EmailNotificationService - Failed to send email notification to mailing list 'System Administrators': Email send failed after 3 attempts
java.lang.RuntimeException: Email send failed after 3 attempts
	at com.enterprise.msmq.service.EmailNotificationService.sendWithRetry(EmailNotificationService.java:293)
	at com.enterprise.msmq.service.EmailNotificationService.sendEmailToMailingList(EmailNotificationService.java:108)
	at com.enterprise.msmq.service.EmailNotificationService.sendAlertNotification(EmailNotificationService.java:79)
	at com.enterprise.msmq.service.QueueMonitoringService.createAlert(QueueMonitoringService.java:250)
	at com.enterprise.msmq.service.QueueMonitoringService.checkInactiveQueues(QueueMonitoringService.java:104)
	at com.enterprise.msmq.service.ScheduledQueueSyncService.scheduledQueueSync(ScheduledQueueSyncService.java:62)
	at java.base/jdk.internal.reflect.DirectMethodHandleAccessor.invoke(DirectMethodHandleAccessor.java:103)
	at java.base/java.lang.reflect.Method.invoke(Method.java:580)
	at org.springframework.scheduling.support.ScheduledMethodRunnable.runInternal(ScheduledMethodRunnable.java:130)
	at org.springframework.scheduling.support.ScheduledMethodRunnable.lambda$run$2(ScheduledMethodRunnable.java:124)
	at io.micrometer.observation.Observation.observe(Observation.java:499)
	at org.springframework.scheduling.support.ScheduledMethodRunnable.run(ScheduledMethodRunnable.java:124)
	at org.springframework.scheduling.support.DelegatingErrorHandlingRunnable.run(DelegatingErrorHandlingRunnable.java:54)
	at java.base/java.util.concurrent.Executors$RunnableAdapter.call(Executors.java:572)
	at java.base/java.util.concurrent.FutureTask.runAndReset(FutureTask.java:358)
	at java.base/java.util.concurrent.ScheduledThreadPoolExecutor$ScheduledFutureTask.run(ScheduledThreadPoolExecutor.java:305)
	at java.base/java.util.concurrent.ThreadPoolExecutor.runWorker(ThreadPoolExecutor.java:1144)
	at java.base/java.util.concurrent.ThreadPoolExecutor$Worker.run(ThreadPoolExecutor.java:642)
	at java.base/java.lang.Thread.run(Thread.java:1583)
Caused by: org.springframework.mail.MailAuthenticationException: Authentication failed
	at org.springframework.mail.javamail.JavaMailSenderImpl.doSend(JavaMailSenderImpl.java:402)
	at org.springframework.mail.javamail.JavaMailSenderImpl.send(JavaMailSenderImpl.java:350)
	at org.springframework.mail.javamail.JavaMailSender.send(JavaMailSender.java:101)
	at com.enterprise.msmq.service.EmailNotificationService.sendWithRetry(EmailNotificationService.java:271)
	... 18 common frames omitted
Caused by: jakarta.mail.AuthenticationFailedException: 535-5.7.8 Username and Password not accepted. For more information, go to
535 5.7.8  https://support.google.com/mail/?p=BadCredentials 5b1f17b1804b1-46e2ab48b40sm176868625e9.19 - gsmtp

	at org.eclipse.angus.mail.smtp.SMTPTransport$Authenticator.authenticate(SMTPTransport.java:954)
	at org.eclipse.angus.mail.smtp.SMTPTransport.authenticate(SMTPTransport.java:865)
	at org.eclipse.angus.mail.smtp.SMTPTransport.protocolConnect(SMTPTransport.java:769)
	at jakarta.mail.Service.connect(Service.java:345)
	at org.springframework.mail.javamail.JavaMailSenderImpl.connectTransport(JavaMailSenderImpl.java:480)
	at org.springframework.mail.javamail.JavaMailSenderImpl.doSend(JavaMailSenderImpl.java:399)
	... 21 common frames omitted
2025-09-28 09:52:59 [scheduling-1] INFO  c.e.m.s.EmailNotificationService - Sent email notifications for alert [QUEUE_INACTIVE_TOO_LONG] to 1 mailing lists
2025-09-28 09:57:40 [scheduling-1] INFO  c.e.m.service.MsmqQueueSyncService - Starting MSMQ queue synchronization...
2025-09-28 09:57:41 [scheduling-1] INFO  c.e.m.service.MsmqQueueSyncService - Found 0 queues in MSMQ system
2025-09-28 09:57:41 [scheduling-1] INFO  c.e.m.service.MsmqQueueSyncService - Found 0 existing queue configurations in database
2025-09-28 09:57:41 [scheduling-1] INFO  c.e.m.service.MsmqQueueSyncService - Queue synchronization completed: Sync completed: 0 total, 0 created, 0 updated, 0 deleted
2025-09-28 09:57:41 [scheduling-1] INFO  c.e.m.s.ScheduledQueueSyncService - Scheduled queue sync completed in 453ms: Sync completed: 0 total, 0 created, 0 updated, 0 deleted
2025-09-28 09:57:41 [scheduling-1] WARN  c.e.m.service.QueueMonitoringService - ALERT [QUEUE_INACTIVE_TOO_LONG]: Queue 'default-queue' has been inactive for more than 24 hours
2025-09-28 09:57:44 [scheduling-1] WARN  c.e.m.s.EmailNotificationService - Email send attempt 1 failed, retrying in 5000ms: Authentication failed
2025-09-28 09:57:51 [scheduling-1] WARN  c.e.m.s.EmailNotificationService - Email send attempt 2 failed, retrying in 5000ms: Authentication failed
2025-09-28 09:57:59 [scheduling-1] ERROR c.e.m.s.EmailNotificationService - Failed to send email after 3 attempts to recipients: [admin@yourcompany.com]
2025-09-28 09:57:59 [scheduling-1] ERROR c.e.m.s.EmailNotificationService - Failed to send email notification to mailing list 'System Administrators': Email send failed after 3 attempts
java.lang.RuntimeException: Email send failed after 3 attempts
	at com.enterprise.msmq.service.EmailNotificationService.sendWithRetry(EmailNotificationService.java:293)
	at com.enterprise.msmq.service.EmailNotificationService.sendEmailToMailingList(EmailNotificationService.java:108)
	at com.enterprise.msmq.service.EmailNotificationService.sendAlertNotification(EmailNotificationService.java:79)
	at com.enterprise.msmq.service.QueueMonitoringService.createAlert(QueueMonitoringService.java:250)
	at com.enterprise.msmq.service.QueueMonitoringService.checkInactiveQueues(QueueMonitoringService.java:104)
	at com.enterprise.msmq.service.ScheduledQueueSyncService.scheduledQueueSync(ScheduledQueueSyncService.java:62)
	at java.base/jdk.internal.reflect.DirectMethodHandleAccessor.invoke(DirectMethodHandleAccessor.java:103)
	at java.base/java.lang.reflect.Method.invoke(Method.java:580)
	at org.springframework.scheduling.support.ScheduledMethodRunnable.runInternal(ScheduledMethodRunnable.java:130)
	at org.springframework.scheduling.support.ScheduledMethodRunnable.lambda$run$2(ScheduledMethodRunnable.java:124)
	at io.micrometer.observation.Observation.observe(Observation.java:499)
	at org.springframework.scheduling.support.ScheduledMethodRunnable.run(ScheduledMethodRunnable.java:124)
	at org.springframework.scheduling.support.DelegatingErrorHandlingRunnable.run(DelegatingErrorHandlingRunnable.java:54)
	at java.base/java.util.concurrent.Executors$RunnableAdapter.call(Executors.java:572)
	at java.base/java.util.concurrent.FutureTask.runAndReset(FutureTask.java:358)
	at java.base/java.util.concurrent.ScheduledThreadPoolExecutor$ScheduledFutureTask.run(ScheduledThreadPoolExecutor.java:305)
	at java.base/java.util.concurrent.ThreadPoolExecutor.runWorker(ThreadPoolExecutor.java:1144)
	at java.base/java.util.concurrent.ThreadPoolExecutor$Worker.run(ThreadPoolExecutor.java:642)
	at java.base/java.lang.Thread.run(Thread.java:1583)
Caused by: org.springframework.mail.MailAuthenticationException: Authentication failed
	at org.springframework.mail.javamail.JavaMailSenderImpl.doSend(JavaMailSenderImpl.java:402)
	at org.springframework.mail.javamail.JavaMailSenderImpl.send(JavaMailSenderImpl.java:350)
	at org.springframework.mail.javamail.JavaMailSender.send(JavaMailSender.java:101)
	at com.enterprise.msmq.service.EmailNotificationService.sendWithRetry(EmailNotificationService.java:271)
	... 18 common frames omitted
Caused by: jakarta.mail.AuthenticationFailedException: 535-5.7.8 Username and Password not accepted. For more information, go to
535 5.7.8  https://support.google.com/mail/?p=BadCredentials ffacd0b85a97d-40fac4a5e41sm14108213f8f.0 - gsmtp

	at org.eclipse.angus.mail.smtp.SMTPTransport$Authenticator.authenticate(SMTPTransport.java:954)
	at org.eclipse.angus.mail.smtp.SMTPTransport.authenticate(SMTPTransport.java:865)
	at org.eclipse.angus.mail.smtp.SMTPTransport.protocolConnect(SMTPTransport.java:769)
	at jakarta.mail.Service.connect(Service.java:345)
	at org.springframework.mail.javamail.JavaMailSenderImpl.connectTransport(JavaMailSenderImpl.java:480)
	at org.springframework.mail.javamail.JavaMailSenderImpl.doSend(JavaMailSenderImpl.java:399)
	... 21 common frames omitted
2025-09-28 09:57:59 [scheduling-1] INFO  c.e.m.s.EmailNotificationService - Sent email notifications for alert [QUEUE_INACTIVE_TOO_LONG] to 1 mailing lists
2025-09-28 10:02:40 [scheduling-1] INFO  c.e.m.service.MsmqQueueSyncService - Starting MSMQ queue synchronization...
2025-09-28 10:02:41 [scheduling-1] INFO  c.e.m.service.MsmqQueueSyncService - Found 0 queues in MSMQ system
2025-09-28 10:02:41 [scheduling-1] INFO  c.e.m.service.MsmqQueueSyncService - Found 0 existing queue configurations in database
2025-09-28 10:02:41 [scheduling-1] INFO  c.e.m.service.MsmqQueueSyncService - Queue synchronization completed: Sync completed: 0 total, 0 created, 0 updated, 0 deleted
2025-09-28 10:02:41 [scheduling-1] INFO  c.e.m.s.ScheduledQueueSyncService - Scheduled queue sync completed in 522ms: Sync completed: 0 total, 0 created, 0 updated, 0 deleted
2025-09-28 10:02:41 [scheduling-1] WARN  c.e.m.service.QueueMonitoringService - ALERT [QUEUE_INACTIVE_TOO_LONG]: Queue 'default-queue' has been inactive for more than 24 hours
2025-09-28 10:02:44 [scheduling-1] WARN  c.e.m.s.EmailNotificationService - Email send attempt 1 failed, retrying in 5000ms: Authentication failed
2025-09-28 10:02:52 [scheduling-1] WARN  c.e.m.s.EmailNotificationService - Email send attempt 2 failed, retrying in 5000ms: Authentication failed
2025-09-28 10:02:59 [scheduling-1] ERROR c.e.m.s.EmailNotificationService - Failed to send email after 3 attempts to recipients: [admin@yourcompany.com]
2025-09-28 10:02:59 [scheduling-1] ERROR c.e.m.s.EmailNotificationService - Failed to send email notification to mailing list 'System Administrators': Email send failed after 3 attempts
java.lang.RuntimeException: Email send failed after 3 attempts
	at com.enterprise.msmq.service.EmailNotificationService.sendWithRetry(EmailNotificationService.java:293)
	at com.enterprise.msmq.service.EmailNotificationService.sendEmailToMailingList(EmailNotificationService.java:108)
	at com.enterprise.msmq.service.EmailNotificationService.sendAlertNotification(EmailNotificationService.java:79)
	at com.enterprise.msmq.service.QueueMonitoringService.createAlert(QueueMonitoringService.java:250)
	at com.enterprise.msmq.service.QueueMonitoringService.checkInactiveQueues(QueueMonitoringService.java:104)
	at com.enterprise.msmq.service.ScheduledQueueSyncService.scheduledQueueSync(ScheduledQueueSyncService.java:62)
	at java.base/jdk.internal.reflect.DirectMethodHandleAccessor.invoke(DirectMethodHandleAccessor.java:103)
	at java.base/java.lang.reflect.Method.invoke(Method.java:580)
	at org.springframework.scheduling.support.ScheduledMethodRunnable.runInternal(ScheduledMethodRunnable.java:130)
	at org.springframework.scheduling.support.ScheduledMethodRunnable.lambda$run$2(ScheduledMethodRunnable.java:124)
	at io.micrometer.observation.Observation.observe(Observation.java:499)
	at org.springframework.scheduling.support.ScheduledMethodRunnable.run(ScheduledMethodRunnable.java:124)
	at org.springframework.scheduling.support.DelegatingErrorHandlingRunnable.run(DelegatingErrorHandlingRunnable.java:54)
	at java.base/java.util.concurrent.Executors$RunnableAdapter.call(Executors.java:572)
	at java.base/java.util.concurrent.FutureTask.runAndReset(FutureTask.java:358)
	at java.base/java.util.concurrent.ScheduledThreadPoolExecutor$ScheduledFutureTask.run(ScheduledThreadPoolExecutor.java:305)
	at java.base/java.util.concurrent.ThreadPoolExecutor.runWorker(ThreadPoolExecutor.java:1144)
	at java.base/java.util.concurrent.ThreadPoolExecutor$Worker.run(ThreadPoolExecutor.java:642)
	at java.base/java.lang.Thread.run(Thread.java:1583)
Caused by: org.springframework.mail.MailAuthenticationException: Authentication failed
	at org.springframework.mail.javamail.JavaMailSenderImpl.doSend(JavaMailSenderImpl.java:402)
	at org.springframework.mail.javamail.JavaMailSenderImpl.send(JavaMailSenderImpl.java:350)
	at org.springframework.mail.javamail.JavaMailSender.send(JavaMailSender.java:101)
	at com.enterprise.msmq.service.EmailNotificationService.sendWithRetry(EmailNotificationService.java:271)
	... 18 common frames omitted
Caused by: jakarta.mail.AuthenticationFailedException: 535-5.7.8 Username and Password not accepted. For more information, go to
535 5.7.8  https://support.google.com/mail/?p=BadCredentials 5b1f17b1804b1-46e2ab31ea3sm177305035e9.12 - gsmtp

	at org.eclipse.angus.mail.smtp.SMTPTransport$Authenticator.authenticate(SMTPTransport.java:954)
	at org.eclipse.angus.mail.smtp.SMTPTransport.authenticate(SMTPTransport.java:865)
	at org.eclipse.angus.mail.smtp.SMTPTransport.protocolConnect(SMTPTransport.java:769)
	at jakarta.mail.Service.connect(Service.java:345)
	at org.springframework.mail.javamail.JavaMailSenderImpl.connectTransport(JavaMailSenderImpl.java:480)
	at org.springframework.mail.javamail.JavaMailSenderImpl.doSend(JavaMailSenderImpl.java:399)
	... 21 common frames omitted
2025-09-28 10:02:59 [scheduling-1] INFO  c.e.m.s.EmailNotificationService - Sent email notifications for alert [QUEUE_INACTIVE_TOO_LONG] to 1 mailing lists
2025-09-28 10:03:58 [main] INFO  c.e.msmq.MsmqManagerApplication - Starting MsmqManagerApplication using Java 21.0.8 with PID 39736 (C:\Users\Hp\Documents\GitHub\msmq-manager\target\classes started by Hp in C:\Users\Hp\Documents\GitHub\msmq-manager)
2025-09-28 10:03:58 [main] INFO  c.e.msmq.MsmqManagerApplication - The following 1 profile is active: "dev"
2025-09-28 10:04:00 [main] INFO  o.s.d.r.c.RepositoryConfigurationDelegate - Multiple Spring Data modules found, entering strict repository configuration mode
2025-09-28 10:04:00 [main] INFO  o.s.d.r.c.RepositoryConfigurationDelegate - Bootstrapping Spring Data JPA repositories in DEFAULT mode.
2025-09-28 10:04:00 [main] INFO  o.s.d.r.c.RepositoryConfigurationDelegate - Finished Spring Data repository scanning in 113 ms. Found 5 JPA repository interfaces.
2025-09-28 10:04:00 [main] INFO  o.s.d.r.c.RepositoryConfigurationDelegate - Multiple Spring Data modules found, entering strict repository configuration mode
2025-09-28 10:04:00 [main] INFO  o.s.d.r.c.RepositoryConfigurationDelegate - Bootstrapping Spring Data Redis repositories in DEFAULT mode.
2025-09-28 10:04:00 [main] INFO  o.s.d.r.c.RepositoryConfigurationExtensionSupport - Spring Data Redis - Could not safely identify store assignment for repository candidate interface com.enterprise.msmq.repository.EmailConfigurationRepository; If you want this repository to be a Redis repository, consider annotating your entities with one of these annotations: org.springframework.data.redis.core.RedisHash (preferred), or consider extending one of the following types with your repository: org.springframework.data.keyvalue.repository.KeyValueRepository
2025-09-28 10:04:00 [main] INFO  o.s.d.r.c.RepositoryConfigurationExtensionSupport - Spring Data Redis - Could not safely identify store assignment for repository candidate interface com.enterprise.msmq.repository.MailingListRepository; If you want this repository to be a Redis repository, consider annotating your entities with one of these annotations: org.springframework.data.redis.core.RedisHash (preferred), or consider extending one of the following types with your repository: org.springframework.data.keyvalue.repository.KeyValueRepository
2025-09-28 10:04:00 [main] INFO  o.s.d.r.c.RepositoryConfigurationExtensionSupport - Spring Data Redis - Could not safely identify store assignment for repository candidate interface com.enterprise.msmq.repository.MsmqMessageRepository; If you want this repository to be a Redis repository, consider annotating your entities with one of these annotations: org.springframework.data.redis.core.RedisHash (preferred), or consider extending one of the following types with your repository: org.springframework.data.keyvalue.repository.KeyValueRepository
2025-09-28 10:04:00 [main] INFO  o.s.d.r.c.RepositoryConfigurationExtensionSupport - Spring Data Redis - Could not safely identify store assignment for repository candidate interface com.enterprise.msmq.repository.MsmqMessageTemplateRepository; If you want this repository to be a Redis repository, consider annotating your entities with one of these annotations: org.springframework.data.redis.core.RedisHash (preferred), or consider extending one of the following types with your repository: org.springframework.data.keyvalue.repository.KeyValueRepository
2025-09-28 10:04:00 [main] INFO  o.s.d.r.c.RepositoryConfigurationExtensionSupport - Spring Data Redis - Could not safely identify store assignment for repository candidate interface com.enterprise.msmq.repository.MsmqQueueConfigRepository; If you want this repository to be a Redis repository, consider annotating your entities with one of these annotations: org.springframework.data.redis.core.RedisHash (preferred), or consider extending one of the following types with your repository: org.springframework.data.keyvalue.repository.KeyValueRepository
2025-09-28 10:04:00 [main] INFO  o.s.d.r.c.RepositoryConfigurationDelegate - Finished Spring Data repository scanning in 17 ms. Found 0 Redis repository interfaces.
2025-09-28 10:04:02 [main] INFO  o.s.b.w.e.tomcat.TomcatWebServer - Tomcat initialized with port 8081 (http)
2025-09-28 10:04:02 [main] INFO  o.a.catalina.core.StandardService - Starting service [Tomcat]
2025-09-28 10:04:02 [main] INFO  o.a.catalina.core.StandardEngine - Starting Servlet engine: [Apache Tomcat/10.1.16]
2025-09-28 10:04:02 [main] INFO  o.a.c.c.C.[.[localhost].[/api] - Initializing Spring embedded WebApplicationContext
2025-09-28 10:04:02 [main] INFO  o.s.b.w.s.c.ServletWebServerApplicationContext - Root WebApplicationContext: initialization completed in 3242 ms
2025-09-28 10:04:02 [main] INFO  com.zaxxer.hikari.HikariDataSource - HikariPool-1 - Starting...
2025-09-28 10:04:03 [main] INFO  com.zaxxer.hikari.pool.HikariPool - HikariPool-1 - Added connection org.postgresql.jdbc.PgConnection@12200670
2025-09-28 10:04:03 [main] INFO  com.zaxxer.hikari.HikariDataSource - HikariPool-1 - Start completed.
2025-09-28 10:04:03 [main] INFO  o.f.c.i.license.VersionPrinter - Flyway Community Edition 9.22.3 by Redgate
2025-09-28 10:04:03 [main] INFO  o.f.c.i.license.VersionPrinter - See release notes here: https://rd.gt/416ObMi
2025-09-28 10:04:03 [main] INFO  o.f.c.i.license.VersionPrinter - 
2025-09-28 10:04:03 [main] INFO  org.flywaydb.core.FlywayExecutor - Database: jdbc:postgresql://localhost:5436/msmq_manager (PostgreSQL 17.6)
2025-09-28 10:04:03 [main] WARN  o.f.c.i.database.base.Database - Flyway upgrade recommended: PostgreSQL 17.6 is newer than this version of Flyway and support has not been tested. The latest supported version of PostgreSQL is 15.
2025-09-28 10:04:03 [main] INFO  o.f.core.internal.command.DbValidate - Successfully validated 7 migrations (execution time 00:00.058s)
2025-09-28 10:04:03 [main] INFO  o.f.core.internal.command.DbMigrate - Current version of schema "public": 7
2025-09-28 10:04:03 [main] INFO  o.f.core.internal.command.DbMigrate - Schema "public" is up to date. No migration necessary.
2025-09-28 10:04:03 [main] INFO  o.h.jpa.internal.util.LogHelper - HHH000204: Processing PersistenceUnitInfo [name: default]
2025-09-28 10:04:03 [main] INFO  org.hibernate.Version - HHH000412: Hibernate ORM core version 6.3.1.Final
2025-09-28 10:04:03 [main] INFO  o.h.c.i.RegionFactoryInitiator - HHH000026: Second-level cache disabled
2025-09-28 10:04:03 [main] INFO  o.s.o.j.p.SpringPersistenceUnitInfo - No LoadTimeWeaver setup: ignoring JPA class transformer
2025-09-28 10:04:03 [main] WARN  org.hibernate.orm.deprecation - HHH90000025: PostgreSQLDialect does not need to be specified explicitly using 'hibernate.dialect' (remove the property setting and it will be selected by default)
2025-09-28 10:04:05 [main] INFO  o.h.e.t.j.p.i.JtaPlatformInitiator - HHH000489: No JTA platform available (set 'hibernate.transaction.jta.platform' to enable JTA platform integration)
2025-09-28 10:04:05 [main] INFO  o.s.o.j.LocalContainerEntityManagerFactoryBean - Initialized JPA EntityManagerFactory for persistence unit 'default'
2025-09-28 10:04:05 [main] INFO  o.s.d.j.r.query.QueryEnhancerFactory - Hibernate is in classpath; If applicable, HQL parser will be used.
2025-09-28 10:04:07 [main] INFO  c.e.msmq.service.MsmqService - Initialized MSMQ connection manager using type: POWERSHELL
2025-09-28 10:04:07 [main] INFO  c.e.msmq.service.MsmqService - Initialized MSMQ queue manager using type: POWERSHELL
2025-09-28 10:04:08 [main] WARN  o.s.b.a.o.j.JpaBaseConfiguration$JpaWebConfiguration - spring.jpa.open-in-view is enabled by default. Therefore, database queries may be performed during view rendering. Explicitly configure spring.jpa.open-in-view to disable this warning
2025-09-28 10:04:08 [main] INFO  o.s.b.a.e.web.EndpointLinksResolver - Exposing 4 endpoint(s) beneath base path '/actuator'
2025-09-28 10:04:09 [main] INFO  o.s.s.web.DefaultSecurityFilterChain - Will secure any request with [org.springframework.security.web.session.DisableEncodeUrlFilter@1c6912db, org.springframework.security.web.context.request.async.WebAsyncManagerIntegrationFilter@a5a9502, org.springframework.security.web.context.SecurityContextHolderFilter@69f6b00b, org.springframework.security.web.header.HeaderWriterFilter@2eedd575, org.springframework.web.filter.CorsFilter@41991619, org.springframework.security.web.authentication.logout.LogoutFilter@6c946b14, org.springframework.security.web.authentication.www.BasicAuthenticationFilter@25ae0223, org.springframework.security.web.savedrequest.RequestCacheAwareFilter@3504fbfe, org.springframework.security.web.servletapi.SecurityContextHolderAwareRequestFilter@3d1c7e7b, org.springframework.security.web.authentication.AnonymousAuthenticationFilter@a0464ce, org.springframework.security.web.access.ExceptionTranslationFilter@60bd7262, org.springframework.security.web.access.intercept.AuthorizationFilter@27cc72fb]
2025-09-28 10:04:10 [main] INFO  o.s.b.w.e.tomcat.TomcatWebServer - Tomcat started on port 8081 (http) with context path '/api'
2025-09-28 10:04:10 [main] INFO  c.e.msmq.MsmqManagerApplication - Started MsmqManagerApplication in 11.5 seconds (process running for 12.061)
2025-09-28 10:04:10 [main] INFO  c.e.msmq.config.MsmqStartupConfig - Application is ready, starting MSMQ queue synchronization...
2025-09-28 10:04:10 [scheduling-1] INFO  c.e.m.service.MsmqQueueSyncService - Starting MSMQ queue synchronization...
2025-09-28 10:04:10 [scheduling-1] INFO  c.e.m.service.MsmqQueueSyncService - Found 0 queues in MSMQ system
2025-09-28 10:04:10 [scheduling-1] INFO  c.e.m.service.MsmqQueueSyncService - Found 0 existing queue configurations in database
2025-09-28 10:04:10 [scheduling-1] INFO  c.e.m.service.MsmqQueueSyncService - Queue synchronization completed: Sync completed: 0 total, 0 created, 0 updated, 0 deleted
2025-09-28 10:04:10 [scheduling-1] INFO  c.e.m.s.ScheduledQueueSyncService - Scheduled queue sync completed in 649ms: Sync completed: 0 total, 0 created, 0 updated, 0 deleted
2025-09-28 10:04:10 [scheduling-1] WARN  c.e.m.service.QueueMonitoringService - ALERT [QUEUE_INACTIVE_TOO_LONG]: Queue 'default-queue' has been inactive for more than 24 hours
2025-09-28 10:04:11 [RMI TCP Connection(2)-127.0.0.1] INFO  o.a.c.c.C.[.[localhost].[/api] - Initializing Spring DispatcherServlet 'dispatcherServlet'
2025-09-28 10:04:11 [RMI TCP Connection(2)-127.0.0.1] INFO  o.s.web.servlet.DispatcherServlet - Initializing Servlet 'dispatcherServlet'
2025-09-28 10:04:11 [RMI TCP Connection(2)-127.0.0.1] INFO  o.s.web.servlet.DispatcherServlet - Completed initialization in 1 ms
2025-09-28 10:04:12 [main] INFO  c.e.m.service.MsmqQueueSyncService - Starting MSMQ queue synchronization...
2025-09-28 10:04:12 [main] INFO  c.e.m.service.MsmqQueueSyncService - Found 0 queues in MSMQ system
2025-09-28 10:04:12 [main] INFO  c.e.m.service.MsmqQueueSyncService - Found 0 existing queue configurations in database
2025-09-28 10:04:12 [main] INFO  c.e.m.service.MsmqQueueSyncService - Queue synchronization completed: Sync completed: 0 total, 0 created, 0 updated, 0 deleted
2025-09-28 10:04:12 [main] INFO  c.e.msmq.config.MsmqStartupConfig - MSMQ startup synchronization completed successfully: Sync completed: 0 total, 0 created, 0 updated, 0 deleted
2025-09-28 10:04:12 [main] INFO  c.e.m.s.MsmqIntegrationTestService - 🚀 Starting MSMQ Integration Tests (delay: 5000ms)...
2025-09-28 10:04:13 [scheduling-1] WARN  c.e.m.s.EmailNotificationService - Email send attempt 1 failed, retrying in 5000ms: Authentication failed
2025-09-28 10:04:17 [main] INFO  c.e.m.s.MsmqIntegrationTestService - ✅ All MSMQ Integration Tests completed successfully!
2025-09-28 10:04:17 [main] INFO  c.e.m.s.MsmqIntegrationTestService - 📋 Creating Securities Settlement template...
2025-09-28 10:04:17 [main] INFO  c.e.m.s.MsmqIntegrationTestService - ℹ️ Securities Settlement template already exists, skipping creation
2025-09-28 10:04:21 [scheduling-1] WARN  c.e.m.s.EmailNotificationService - Email send attempt 2 failed, retrying in 5000ms: Authentication failed
2025-09-28 10:04:28 [scheduling-1] ERROR c.e.m.s.EmailNotificationService - Failed to send email after 3 attempts to recipients: [admin@yourcompany.com]
2025-09-28 10:04:28 [scheduling-1] ERROR c.e.m.s.EmailNotificationService - Failed to send email notification to mailing list 'System Administrators': Email send failed after 3 attempts
java.lang.RuntimeException: Email send failed after 3 attempts
	at com.enterprise.msmq.service.EmailNotificationService.sendWithRetry(EmailNotificationService.java:293)
	at com.enterprise.msmq.service.EmailNotificationService.sendEmailToMailingList(EmailNotificationService.java:108)
	at com.enterprise.msmq.service.EmailNotificationService.sendAlertNotification(EmailNotificationService.java:79)
	at com.enterprise.msmq.service.QueueMonitoringService.createAlert(QueueMonitoringService.java:250)
	at com.enterprise.msmq.service.QueueMonitoringService.checkInactiveQueues(QueueMonitoringService.java:104)
	at com.enterprise.msmq.service.ScheduledQueueSyncService.scheduledQueueSync(ScheduledQueueSyncService.java:62)
	at java.base/jdk.internal.reflect.DirectMethodHandleAccessor.invoke(DirectMethodHandleAccessor.java:103)
	at java.base/java.lang.reflect.Method.invoke(Method.java:580)
	at org.springframework.scheduling.support.ScheduledMethodRunnable.runInternal(ScheduledMethodRunnable.java:130)
	at org.springframework.scheduling.support.ScheduledMethodRunnable.lambda$run$2(ScheduledMethodRunnable.java:124)
	at io.micrometer.observation.Observation.observe(Observation.java:499)
	at org.springframework.scheduling.support.ScheduledMethodRunnable.run(ScheduledMethodRunnable.java:124)
	at org.springframework.scheduling.support.DelegatingErrorHandlingRunnable.run(DelegatingErrorHandlingRunnable.java:54)
	at java.base/java.util.concurrent.Executors$RunnableAdapter.call(Executors.java:572)
	at java.base/java.util.concurrent.FutureTask.runAndReset(FutureTask.java:358)
	at java.base/java.util.concurrent.ScheduledThreadPoolExecutor$ScheduledFutureTask.run(ScheduledThreadPoolExecutor.java:305)
	at java.base/java.util.concurrent.ThreadPoolExecutor.runWorker(ThreadPoolExecutor.java:1144)
	at java.base/java.util.concurrent.ThreadPoolExecutor$Worker.run(ThreadPoolExecutor.java:642)
	at java.base/java.lang.Thread.run(Thread.java:1583)
Caused by: org.springframework.mail.MailAuthenticationException: Authentication failed
	at org.springframework.mail.javamail.JavaMailSenderImpl.doSend(JavaMailSenderImpl.java:402)
	at org.springframework.mail.javamail.JavaMailSenderImpl.send(JavaMailSenderImpl.java:350)
	at org.springframework.mail.javamail.JavaMailSender.send(JavaMailSender.java:101)
	at com.enterprise.msmq.service.EmailNotificationService.sendWithRetry(EmailNotificationService.java:271)
	... 18 common frames omitted
Caused by: jakarta.mail.AuthenticationFailedException: 535-5.7.8 Username and Password not accepted. For more information, go to
535 5.7.8  https://support.google.com/mail/?p=BadCredentials 5b1f17b1804b1-46e2ab61eecsm178310545e9.20 - gsmtp

	at org.eclipse.angus.mail.smtp.SMTPTransport$Authenticator.authenticate(SMTPTransport.java:954)
	at org.eclipse.angus.mail.smtp.SMTPTransport.authenticate(SMTPTransport.java:865)
	at org.eclipse.angus.mail.smtp.SMTPTransport.protocolConnect(SMTPTransport.java:769)
	at jakarta.mail.Service.connect(Service.java:345)
	at org.springframework.mail.javamail.JavaMailSenderImpl.connectTransport(JavaMailSenderImpl.java:480)
	at org.springframework.mail.javamail.JavaMailSenderImpl.doSend(JavaMailSenderImpl.java:399)
	... 21 common frames omitted
2025-09-28 10:04:28 [scheduling-1] INFO  c.e.m.s.EmailNotificationService - Sent email notifications for alert [QUEUE_INACTIVE_TOO_LONG] to 1 mailing lists
2025-09-28 10:05:33 [main] INFO  c.e.msmq.MsmqManagerApplication - Starting MsmqManagerApplication using Java 21.0.8 with PID 16620 (C:\Users\Hp\Documents\GitHub\msmq-manager\target\classes started by Hp in C:\Users\Hp\Documents\GitHub\msmq-manager)
2025-09-28 10:05:33 [main] INFO  c.e.msmq.MsmqManagerApplication - The following 1 profile is active: "dev"
2025-09-28 10:05:35 [main] INFO  o.s.d.r.c.RepositoryConfigurationDelegate - Multiple Spring Data modules found, entering strict repository configuration mode
2025-09-28 10:05:35 [main] INFO  o.s.d.r.c.RepositoryConfigurationDelegate - Bootstrapping Spring Data JPA repositories in DEFAULT mode.
2025-09-28 10:05:35 [main] INFO  o.s.d.r.c.RepositoryConfigurationDelegate - Finished Spring Data repository scanning in 119 ms. Found 5 JPA repository interfaces.
2025-09-28 10:05:35 [main] INFO  o.s.d.r.c.RepositoryConfigurationDelegate - Multiple Spring Data modules found, entering strict repository configuration mode
2025-09-28 10:05:35 [main] INFO  o.s.d.r.c.RepositoryConfigurationDelegate - Bootstrapping Spring Data Redis repositories in DEFAULT mode.
2025-09-28 10:05:35 [main] INFO  o.s.d.r.c.RepositoryConfigurationExtensionSupport - Spring Data Redis - Could not safely identify store assignment for repository candidate interface com.enterprise.msmq.repository.EmailConfigurationRepository; If you want this repository to be a Redis repository, consider annotating your entities with one of these annotations: org.springframework.data.redis.core.RedisHash (preferred), or consider extending one of the following types with your repository: org.springframework.data.keyvalue.repository.KeyValueRepository
2025-09-28 10:05:35 [main] INFO  o.s.d.r.c.RepositoryConfigurationExtensionSupport - Spring Data Redis - Could not safely identify store assignment for repository candidate interface com.enterprise.msmq.repository.MailingListRepository; If you want this repository to be a Redis repository, consider annotating your entities with one of these annotations: org.springframework.data.redis.core.RedisHash (preferred), or consider extending one of the following types with your repository: org.springframework.data.keyvalue.repository.KeyValueRepository
2025-09-28 10:05:35 [main] INFO  o.s.d.r.c.RepositoryConfigurationExtensionSupport - Spring Data Redis - Could not safely identify store assignment for repository candidate interface com.enterprise.msmq.repository.MsmqMessageRepository; If you want this repository to be a Redis repository, consider annotating your entities with one of these annotations: org.springframework.data.redis.core.RedisHash (preferred), or consider extending one of the following types with your repository: org.springframework.data.keyvalue.repository.KeyValueRepository
2025-09-28 10:05:35 [main] INFO  o.s.d.r.c.RepositoryConfigurationExtensionSupport - Spring Data Redis - Could not safely identify store assignment for repository candidate interface com.enterprise.msmq.repository.MsmqMessageTemplateRepository; If you want this repository to be a Redis repository, consider annotating your entities with one of these annotations: org.springframework.data.redis.core.RedisHash (preferred), or consider extending one of the following types with your repository: org.springframework.data.keyvalue.repository.KeyValueRepository
2025-09-28 10:05:35 [main] INFO  o.s.d.r.c.RepositoryConfigurationExtensionSupport - Spring Data Redis - Could not safely identify store assignment for repository candidate interface com.enterprise.msmq.repository.MsmqQueueConfigRepository; If you want this repository to be a Redis repository, consider annotating your entities with one of these annotations: org.springframework.data.redis.core.RedisHash (preferred), or consider extending one of the following types with your repository: org.springframework.data.keyvalue.repository.KeyValueRepository
2025-09-28 10:05:35 [main] INFO  o.s.d.r.c.RepositoryConfigurationDelegate - Finished Spring Data repository scanning in 13 ms. Found 0 Redis repository interfaces.
2025-09-28 10:05:36 [main] INFO  o.s.b.w.e.tomcat.TomcatWebServer - Tomcat initialized with port 8081 (http)
2025-09-28 10:05:36 [main] INFO  o.a.catalina.core.StandardService - Starting service [Tomcat]
2025-09-28 10:05:36 [main] INFO  o.a.catalina.core.StandardEngine - Starting Servlet engine: [Apache Tomcat/10.1.16]
2025-09-28 10:05:37 [main] INFO  o.a.c.c.C.[.[localhost].[/api] - Initializing Spring embedded WebApplicationContext
2025-09-28 10:05:37 [main] INFO  o.s.b.w.s.c.ServletWebServerApplicationContext - Root WebApplicationContext: initialization completed in 3262 ms
2025-09-28 10:05:37 [main] INFO  com.zaxxer.hikari.HikariDataSource - HikariPool-1 - Starting...
2025-09-28 10:05:37 [main] INFO  com.zaxxer.hikari.pool.HikariPool - HikariPool-1 - Added connection org.postgresql.jdbc.PgConnection@7b795db7
2025-09-28 10:05:37 [main] INFO  com.zaxxer.hikari.HikariDataSource - HikariPool-1 - Start completed.
2025-09-28 10:05:37 [main] INFO  o.f.c.i.license.VersionPrinter - Flyway Community Edition 9.22.3 by Redgate
2025-09-28 10:05:37 [main] INFO  o.f.c.i.license.VersionPrinter - See release notes here: https://rd.gt/416ObMi
2025-09-28 10:05:37 [main] INFO  o.f.c.i.license.VersionPrinter - 
2025-09-28 10:05:37 [main] INFO  org.flywaydb.core.FlywayExecutor - Database: jdbc:postgresql://localhost:5436/msmq_manager (PostgreSQL 17.6)
2025-09-28 10:05:37 [main] WARN  o.f.c.i.database.base.Database - Flyway upgrade recommended: PostgreSQL 17.6 is newer than this version of Flyway and support has not been tested. The latest supported version of PostgreSQL is 15.
2025-09-28 10:05:37 [main] INFO  o.f.core.internal.command.DbValidate - Successfully validated 7 migrations (execution time 00:00.048s)
2025-09-28 10:05:38 [main] INFO  o.f.core.internal.command.DbMigrate - Current version of schema "public": 7
2025-09-28 10:05:38 [main] INFO  o.f.core.internal.command.DbMigrate - Schema "public" is up to date. No migration necessary.
2025-09-28 10:05:38 [main] INFO  o.h.jpa.internal.util.LogHelper - HHH000204: Processing PersistenceUnitInfo [name: default]
2025-09-28 10:05:38 [main] INFO  org.hibernate.Version - HHH000412: Hibernate ORM core version 6.3.1.Final
2025-09-28 10:05:38 [main] INFO  o.h.c.i.RegionFactoryInitiator - HHH000026: Second-level cache disabled
2025-09-28 10:05:38 [main] INFO  o.s.o.j.p.SpringPersistenceUnitInfo - No LoadTimeWeaver setup: ignoring JPA class transformer
2025-09-28 10:05:38 [main] WARN  org.hibernate.orm.deprecation - HHH90000025: PostgreSQLDialect does not need to be specified explicitly using 'hibernate.dialect' (remove the property setting and it will be selected by default)
2025-09-28 10:05:39 [main] INFO  o.h.e.t.j.p.i.JtaPlatformInitiator - HHH000489: No JTA platform available (set 'hibernate.transaction.jta.platform' to enable JTA platform integration)
2025-09-28 10:05:39 [main] INFO  o.s.o.j.LocalContainerEntityManagerFactoryBean - Initialized JPA EntityManagerFactory for persistence unit 'default'
2025-09-28 10:05:40 [main] INFO  o.s.d.j.r.query.QueryEnhancerFactory - Hibernate is in classpath; If applicable, HQL parser will be used.
2025-09-28 10:05:41 [main] INFO  c.e.msmq.service.MsmqService - Initialized MSMQ connection manager using type: POWERSHELL
2025-09-28 10:05:41 [main] INFO  c.e.msmq.service.MsmqService - Initialized MSMQ queue manager using type: POWERSHELL
2025-09-28 10:05:42 [main] WARN  o.s.b.a.o.j.JpaBaseConfiguration$JpaWebConfiguration - spring.jpa.open-in-view is enabled by default. Therefore, database queries may be performed during view rendering. Explicitly configure spring.jpa.open-in-view to disable this warning
2025-09-28 10:05:43 [main] INFO  o.s.b.a.e.web.EndpointLinksResolver - Exposing 4 endpoint(s) beneath base path '/actuator'
2025-09-28 10:05:43 [main] INFO  o.s.s.web.DefaultSecurityFilterChain - Will secure any request with [org.springframework.security.web.session.DisableEncodeUrlFilter@69676b9c, org.springframework.security.web.context.request.async.WebAsyncManagerIntegrationFilter@79d7ae7d, org.springframework.security.web.context.SecurityContextHolderFilter@26647ac8, org.springframework.security.web.header.HeaderWriterFilter@288cca9, org.springframework.web.filter.CorsFilter@56fff809, org.springframework.security.web.authentication.logout.LogoutFilter@59ed8460, org.springframework.security.web.authentication.www.BasicAuthenticationFilter@25cccd85, org.springframework.security.web.savedrequest.RequestCacheAwareFilter@6a35f9fd, org.springframework.security.web.servletapi.SecurityContextHolderAwareRequestFilter@494e6dbb, org.springframework.security.web.authentication.AnonymousAuthenticationFilter@20d35171, org.springframework.security.web.access.ExceptionTranslationFilter@2b34a1e0, org.springframework.security.web.access.intercept.AuthorizationFilter@60399d13]
2025-09-28 10:05:44 [main] INFO  o.s.b.w.e.tomcat.TomcatWebServer - Tomcat started on port 8081 (http) with context path '/api'
2025-09-28 10:05:44 [main] INFO  c.e.msmq.MsmqManagerApplication - Started MsmqManagerApplication in 10.868 seconds (process running for 11.418)
2025-09-28 10:05:44 [main] INFO  c.e.msmq.config.MsmqStartupConfig - Application is ready, starting MSMQ queue synchronization...
2025-09-28 10:05:44 [scheduling-1] INFO  c.e.m.service.MsmqQueueSyncService - Starting MSMQ queue synchronization...
2025-09-28 10:05:44 [scheduling-1] INFO  c.e.m.service.MsmqQueueSyncService - Found 0 queues in MSMQ system
2025-09-28 10:05:44 [scheduling-1] INFO  c.e.m.service.MsmqQueueSyncService - Found 0 existing queue configurations in database
2025-09-28 10:05:44 [scheduling-1] INFO  c.e.m.service.MsmqQueueSyncService - Queue synchronization completed: Sync completed: 0 total, 0 created, 0 updated, 0 deleted
2025-09-28 10:05:44 [scheduling-1] INFO  c.e.m.s.ScheduledQueueSyncService - Scheduled queue sync completed in 594ms: Sync completed: 0 total, 0 created, 0 updated, 0 deleted
2025-09-28 10:05:44 [scheduling-1] WARN  c.e.m.service.QueueMonitoringService - ALERT [QUEUE_INACTIVE_TOO_LONG]: Queue 'default-queue' has been inactive for more than 24 hours
2025-09-28 10:05:45 [RMI TCP Connection(2)-127.0.0.1] INFO  o.a.c.c.C.[.[localhost].[/api] - Initializing Spring DispatcherServlet 'dispatcherServlet'
2025-09-28 10:05:45 [RMI TCP Connection(2)-127.0.0.1] INFO  o.s.web.servlet.DispatcherServlet - Initializing Servlet 'dispatcherServlet'
2025-09-28 10:05:45 [RMI TCP Connection(2)-127.0.0.1] INFO  o.s.web.servlet.DispatcherServlet - Completed initialization in 1 ms
2025-09-28 10:05:46 [main] INFO  c.e.m.service.MsmqQueueSyncService - Starting MSMQ queue synchronization...
2025-09-28 10:05:46 [main] INFO  c.e.m.service.MsmqQueueSyncService - Found 0 queues in MSMQ system
2025-09-28 10:05:46 [main] INFO  c.e.m.service.MsmqQueueSyncService - Found 0 existing queue configurations in database
2025-09-28 10:05:46 [main] INFO  c.e.m.service.MsmqQueueSyncService - Queue synchronization completed: Sync completed: 0 total, 0 created, 0 updated, 0 deleted
2025-09-28 10:05:46 [main] INFO  c.e.msmq.config.MsmqStartupConfig - MSMQ startup synchronization completed successfully: Sync completed: 0 total, 0 created, 0 updated, 0 deleted
2025-09-28 10:05:46 [main] INFO  c.e.m.s.MsmqIntegrationTestService - 🚀 Starting MSMQ Integration Tests (delay: 5000ms)...
2025-09-28 10:05:47 [scheduling-1] WARN  c.e.m.s.EmailNotificationService - Email send attempt 1 failed, retrying in 5000ms: Authentication failed
2025-09-28 10:05:51 [main] INFO  c.e.m.s.MsmqIntegrationTestService - ✅ All MSMQ Integration Tests completed successfully!
2025-09-28 10:05:51 [main] INFO  c.e.m.s.MsmqIntegrationTestService - 📋 Creating Securities Settlement template...
2025-09-28 10:05:51 [main] INFO  c.e.m.s.MsmqIntegrationTestService - ℹ️ Securities Settlement template already exists, skipping creation
2025-09-28 10:05:55 [scheduling-1] WARN  c.e.m.s.EmailNotificationService - Email send attempt 2 failed, retrying in 5000ms: Authentication failed
2025-09-28 10:06:02 [scheduling-1] ERROR c.e.m.s.EmailNotificationService - Failed to send email after 3 attempts to recipients: [admin@yourcompany.com]
2025-09-28 10:06:02 [scheduling-1] ERROR c.e.m.s.EmailNotificationService - Failed to send email notification to mailing list 'System Administrators': Email send failed after 3 attempts
java.lang.RuntimeException: Email send failed after 3 attempts
	at com.enterprise.msmq.service.EmailNotificationService.sendWithRetry(EmailNotificationService.java:293)
	at com.enterprise.msmq.service.EmailNotificationService.sendEmailToMailingList(EmailNotificationService.java:108)
	at com.enterprise.msmq.service.EmailNotificationService.sendAlertNotification(EmailNotificationService.java:79)
	at com.enterprise.msmq.service.QueueMonitoringService.createAlert(QueueMonitoringService.java:250)
	at com.enterprise.msmq.service.QueueMonitoringService.checkInactiveQueues(QueueMonitoringService.java:104)
	at com.enterprise.msmq.service.ScheduledQueueSyncService.scheduledQueueSync(ScheduledQueueSyncService.java:62)
	at java.base/jdk.internal.reflect.DirectMethodHandleAccessor.invoke(DirectMethodHandleAccessor.java:103)
	at java.base/java.lang.reflect.Method.invoke(Method.java:580)
	at org.springframework.scheduling.support.ScheduledMethodRunnable.runInternal(ScheduledMethodRunnable.java:130)
	at org.springframework.scheduling.support.ScheduledMethodRunnable.lambda$run$2(ScheduledMethodRunnable.java:124)
	at io.micrometer.observation.Observation.observe(Observation.java:499)
	at org.springframework.scheduling.support.ScheduledMethodRunnable.run(ScheduledMethodRunnable.java:124)
	at org.springframework.scheduling.support.DelegatingErrorHandlingRunnable.run(DelegatingErrorHandlingRunnable.java:54)
	at java.base/java.util.concurrent.Executors$RunnableAdapter.call(Executors.java:572)
	at java.base/java.util.concurrent.FutureTask.runAndReset(FutureTask.java:358)
	at java.base/java.util.concurrent.ScheduledThreadPoolExecutor$ScheduledFutureTask.run(ScheduledThreadPoolExecutor.java:305)
	at java.base/java.util.concurrent.ThreadPoolExecutor.runWorker(ThreadPoolExecutor.java:1144)
	at java.base/java.util.concurrent.ThreadPoolExecutor$Worker.run(ThreadPoolExecutor.java:642)
	at java.base/java.lang.Thread.run(Thread.java:1583)
Caused by: org.springframework.mail.MailAuthenticationException: Authentication failed
	at org.springframework.mail.javamail.JavaMailSenderImpl.doSend(JavaMailSenderImpl.java:402)
	at org.springframework.mail.javamail.JavaMailSenderImpl.send(JavaMailSenderImpl.java:350)
	at org.springframework.mail.javamail.JavaMailSender.send(JavaMailSender.java:101)
	at com.enterprise.msmq.service.EmailNotificationService.sendWithRetry(EmailNotificationService.java:271)
	... 18 common frames omitted
Caused by: jakarta.mail.AuthenticationFailedException: 535-5.7.8 Username and Password not accepted. For more information, go to
535 5.7.8  https://support.google.com/mail/?p=BadCredentials 5b1f17b1804b1-46e33bf70dcsm134075585e9.23 - gsmtp

	at org.eclipse.angus.mail.smtp.SMTPTransport$Authenticator.authenticate(SMTPTransport.java:954)
	at org.eclipse.angus.mail.smtp.SMTPTransport.authenticate(SMTPTransport.java:865)
	at org.eclipse.angus.mail.smtp.SMTPTransport.protocolConnect(SMTPTransport.java:769)
	at jakarta.mail.Service.connect(Service.java:345)
	at org.springframework.mail.javamail.JavaMailSenderImpl.connectTransport(JavaMailSenderImpl.java:480)
	at org.springframework.mail.javamail.JavaMailSenderImpl.doSend(JavaMailSenderImpl.java:399)
	... 21 common frames omitted
2025-09-28 10:06:02 [scheduling-1] INFO  c.e.m.s.EmailNotificationService - Sent email notifications for alert [QUEUE_INACTIVE_TOO_LONG] to 1 mailing lists
2025-09-28 10:09:01 [main] INFO  c.e.msmq.MsmqManagerApplication - Starting MsmqManagerApplication using Java 21.0.8 with PID 44512 (C:\Users\Hp\Documents\GitHub\msmq-manager\target\classes started by Hp in C:\Users\Hp\Documents\GitHub\msmq-manager)
2025-09-28 10:09:01 [main] INFO  c.e.msmq.MsmqManagerApplication - The following 1 profile is active: "dev"
2025-09-28 10:09:03 [main] INFO  o.s.d.r.c.RepositoryConfigurationDelegate - Multiple Spring Data modules found, entering strict repository configuration mode
2025-09-28 10:09:03 [main] INFO  o.s.d.r.c.RepositoryConfigurationDelegate - Bootstrapping Spring Data JPA repositories in DEFAULT mode.
2025-09-28 10:09:03 [main] INFO  o.s.d.r.c.RepositoryConfigurationDelegate - Finished Spring Data repository scanning in 124 ms. Found 5 JPA repository interfaces.
2025-09-28 10:09:03 [main] INFO  o.s.d.r.c.RepositoryConfigurationDelegate - Multiple Spring Data modules found, entering strict repository configuration mode
2025-09-28 10:09:03 [main] INFO  o.s.d.r.c.RepositoryConfigurationDelegate - Bootstrapping Spring Data Redis repositories in DEFAULT mode.
2025-09-28 10:09:03 [main] INFO  o.s.d.r.c.RepositoryConfigurationExtensionSupport - Spring Data Redis - Could not safely identify store assignment for repository candidate interface com.enterprise.msmq.repository.EmailConfigurationRepository; If you want this repository to be a Redis repository, consider annotating your entities with one of these annotations: org.springframework.data.redis.core.RedisHash (preferred), or consider extending one of the following types with your repository: org.springframework.data.keyvalue.repository.KeyValueRepository
2025-09-28 10:09:03 [main] INFO  o.s.d.r.c.RepositoryConfigurationExtensionSupport - Spring Data Redis - Could not safely identify store assignment for repository candidate interface com.enterprise.msmq.repository.MailingListRepository; If you want this repository to be a Redis repository, consider annotating your entities with one of these annotations: org.springframework.data.redis.core.RedisHash (preferred), or consider extending one of the following types with your repository: org.springframework.data.keyvalue.repository.KeyValueRepository
2025-09-28 10:09:03 [main] INFO  o.s.d.r.c.RepositoryConfigurationExtensionSupport - Spring Data Redis - Could not safely identify store assignment for repository candidate interface com.enterprise.msmq.repository.MsmqMessageRepository; If you want this repository to be a Redis repository, consider annotating your entities with one of these annotations: org.springframework.data.redis.core.RedisHash (preferred), or consider extending one of the following types with your repository: org.springframework.data.keyvalue.repository.KeyValueRepository
2025-09-28 10:09:03 [main] INFO  o.s.d.r.c.RepositoryConfigurationExtensionSupport - Spring Data Redis - Could not safely identify store assignment for repository candidate interface com.enterprise.msmq.repository.MsmqMessageTemplateRepository; If you want this repository to be a Redis repository, consider annotating your entities with one of these annotations: org.springframework.data.redis.core.RedisHash (preferred), or consider extending one of the following types with your repository: org.springframework.data.keyvalue.repository.KeyValueRepository
2025-09-28 10:09:03 [main] INFO  o.s.d.r.c.RepositoryConfigurationExtensionSupport - Spring Data Redis - Could not safely identify store assignment for repository candidate interface com.enterprise.msmq.repository.MsmqQueueConfigRepository; If you want this repository to be a Redis repository, consider annotating your entities with one of these annotations: org.springframework.data.redis.core.RedisHash (preferred), or consider extending one of the following types with your repository: org.springframework.data.keyvalue.repository.KeyValueRepository
2025-09-28 10:09:03 [main] INFO  o.s.d.r.c.RepositoryConfigurationDelegate - Finished Spring Data repository scanning in 15 ms. Found 0 Redis repository interfaces.
2025-09-28 10:09:04 [main] INFO  o.s.b.w.e.tomcat.TomcatWebServer - Tomcat initialized with port 8081 (http)
2025-09-28 10:09:04 [main] INFO  o.a.catalina.core.StandardService - Starting service [Tomcat]
2025-09-28 10:09:04 [main] INFO  o.a.catalina.core.StandardEngine - Starting Servlet engine: [Apache Tomcat/10.1.16]
2025-09-28 10:09:04 [main] INFO  o.a.c.c.C.[.[localhost].[/api] - Initializing Spring embedded WebApplicationContext
2025-09-28 10:09:04 [main] INFO  o.s.b.w.s.c.ServletWebServerApplicationContext - Root WebApplicationContext: initialization completed in 3204 ms
2025-09-28 10:09:05 [main] INFO  com.zaxxer.hikari.HikariDataSource - HikariPool-1 - Starting...
2025-09-28 10:09:05 [main] INFO  com.zaxxer.hikari.pool.HikariPool - HikariPool-1 - Added connection org.postgresql.jdbc.PgConnection@409395b9
2025-09-28 10:09:05 [main] INFO  com.zaxxer.hikari.HikariDataSource - HikariPool-1 - Start completed.
2025-09-28 10:09:05 [main] INFO  o.f.c.i.license.VersionPrinter - Flyway Community Edition 9.22.3 by Redgate
2025-09-28 10:09:05 [main] INFO  o.f.c.i.license.VersionPrinter - See release notes here: https://rd.gt/416ObMi
2025-09-28 10:09:05 [main] INFO  o.f.c.i.license.VersionPrinter - 
2025-09-28 10:09:05 [main] INFO  org.flywaydb.core.FlywayExecutor - Database: jdbc:postgresql://localhost:5436/msmq_manager (PostgreSQL 17.6)
2025-09-28 10:09:05 [main] WARN  o.f.c.i.database.base.Database - Flyway upgrade recommended: PostgreSQL 17.6 is newer than this version of Flyway and support has not been tested. The latest supported version of PostgreSQL is 15.
2025-09-28 10:09:05 [main] INFO  o.f.core.internal.command.DbValidate - Successfully validated 7 migrations (execution time 00:00.046s)
2025-09-28 10:09:05 [main] INFO  o.f.core.internal.command.DbMigrate - Current version of schema "public": 7
2025-09-28 10:09:05 [main] INFO  o.f.core.internal.command.DbMigrate - Schema "public" is up to date. No migration necessary.
2025-09-28 10:09:06 [main] INFO  o.h.jpa.internal.util.LogHelper - HHH000204: Processing PersistenceUnitInfo [name: default]
2025-09-28 10:09:06 [main] INFO  org.hibernate.Version - HHH000412: Hibernate ORM core version 6.3.1.Final
2025-09-28 10:09:06 [main] INFO  o.h.c.i.RegionFactoryInitiator - HHH000026: Second-level cache disabled
2025-09-28 10:09:06 [main] INFO  o.s.o.j.p.SpringPersistenceUnitInfo - No LoadTimeWeaver setup: ignoring JPA class transformer
2025-09-28 10:09:06 [main] WARN  org.hibernate.orm.deprecation - HHH90000025: PostgreSQLDialect does not need to be specified explicitly using 'hibernate.dialect' (remove the property setting and it will be selected by default)
2025-09-28 10:09:07 [main] INFO  o.h.e.t.j.p.i.JtaPlatformInitiator - HHH000489: No JTA platform available (set 'hibernate.transaction.jta.platform' to enable JTA platform integration)
2025-09-28 10:09:07 [main] INFO  o.s.o.j.LocalContainerEntityManagerFactoryBean - Initialized JPA EntityManagerFactory for persistence unit 'default'
2025-09-28 10:09:07 [main] INFO  o.s.d.j.r.query.QueryEnhancerFactory - Hibernate is in classpath; If applicable, HQL parser will be used.
2025-09-28 10:09:09 [main] INFO  c.e.msmq.service.MsmqService - Initialized MSMQ connection manager using type: POWERSHELL
2025-09-28 10:09:09 [main] INFO  c.e.msmq.service.MsmqService - Initialized MSMQ queue manager using type: POWERSHELL
2025-09-28 10:09:09 [main] WARN  o.s.b.a.o.j.JpaBaseConfiguration$JpaWebConfiguration - spring.jpa.open-in-view is enabled by default. Therefore, database queries may be performed during view rendering. Explicitly configure spring.jpa.open-in-view to disable this warning
2025-09-28 10:09:10 [main] INFO  o.s.b.a.e.web.EndpointLinksResolver - Exposing 4 endpoint(s) beneath base path '/actuator'
2025-09-28 10:09:11 [main] INFO  o.s.s.web.DefaultSecurityFilterChain - Will secure any request with [org.springframework.security.web.session.DisableEncodeUrlFilter@5ca32d1a, org.springframework.security.web.context.request.async.WebAsyncManagerIntegrationFilter@31489acc, org.springframework.security.web.context.SecurityContextHolderFilter@667dfd42, org.springframework.security.web.header.HeaderWriterFilter@4c601487, org.springframework.web.filter.CorsFilter@153d5d5b, org.springframework.security.web.authentication.logout.LogoutFilter@69676b9c, org.springframework.security.web.authentication.www.BasicAuthenticationFilter@6f677c34, org.springframework.security.web.savedrequest.RequestCacheAwareFilter@72a14347, org.springframework.security.web.servletapi.SecurityContextHolderAwareRequestFilter@46a7703a, org.springframework.security.web.authentication.AnonymousAuthenticationFilter@772ce28e, org.springframework.security.web.access.ExceptionTranslationFilter@6e0c5743, org.springframework.security.web.access.intercept.AuthorizationFilter@17e9e99]
2025-09-28 10:09:12 [main] INFO  o.s.b.w.e.tomcat.TomcatWebServer - Tomcat started on port 8081 (http) with context path '/api'
2025-09-28 10:09:12 [main] INFO  c.e.msmq.MsmqManagerApplication - Started MsmqManagerApplication in 10.915 seconds (process running for 11.561)
2025-09-28 10:09:12 [main] INFO  c.e.msmq.config.MsmqStartupConfig - Application is ready, starting MSMQ queue synchronization...
2025-09-28 10:09:12 [scheduling-1] INFO  c.e.m.service.MsmqQueueSyncService - Starting MSMQ queue synchronization...
2025-09-28 10:09:12 [scheduling-1] INFO  c.e.m.service.MsmqQueueSyncService - Found 0 queues in MSMQ system
2025-09-28 10:09:12 [scheduling-1] INFO  c.e.m.service.MsmqQueueSyncService - Found 0 existing queue configurations in database
2025-09-28 10:09:12 [scheduling-1] INFO  c.e.m.service.MsmqQueueSyncService - Queue synchronization completed: Sync completed: 0 total, 0 created, 0 updated, 0 deleted
2025-09-28 10:09:12 [scheduling-1] INFO  c.e.m.s.ScheduledQueueSyncService - Scheduled queue sync completed in 569ms: Sync completed: 0 total, 0 created, 0 updated, 0 deleted
2025-09-28 10:09:12 [scheduling-1] WARN  c.e.m.service.QueueMonitoringService - ALERT [QUEUE_INACTIVE_TOO_LONG]: Queue 'default-queue' has been inactive for more than 24 hours
2025-09-28 10:09:13 [RMI TCP Connection(2)-127.0.0.1] INFO  o.a.c.c.C.[.[localhost].[/api] - Initializing Spring DispatcherServlet 'dispatcherServlet'
2025-09-28 10:09:13 [RMI TCP Connection(2)-127.0.0.1] INFO  o.s.web.servlet.DispatcherServlet - Initializing Servlet 'dispatcherServlet'
2025-09-28 10:09:13 [RMI TCP Connection(2)-127.0.0.1] INFO  o.s.web.servlet.DispatcherServlet - Completed initialization in 1 ms
2025-09-28 10:09:14 [main] INFO  c.e.m.service.MsmqQueueSyncService - Starting MSMQ queue synchronization...
2025-09-28 10:09:14 [main] INFO  c.e.m.service.MsmqQueueSyncService - Found 0 queues in MSMQ system
2025-09-28 10:09:14 [main] INFO  c.e.m.service.MsmqQueueSyncService - Found 0 existing queue configurations in database
2025-09-28 10:09:14 [main] INFO  c.e.m.service.MsmqQueueSyncService - Queue synchronization completed: Sync completed: 0 total, 0 created, 0 updated, 0 deleted
2025-09-28 10:09:14 [main] INFO  c.e.msmq.config.MsmqStartupConfig - MSMQ startup synchronization completed successfully: Sync completed: 0 total, 0 created, 0 updated, 0 deleted
2025-09-28 10:09:14 [main] INFO  c.e.m.s.MsmqIntegrationTestService - 🚀 Starting MSMQ Integration Tests (delay: 5000ms)...
2025-09-28 10:09:15 [scheduling-1] WARN  c.e.m.s.EmailNotificationService - Email send attempt 1 failed, retrying in 5000ms: Authentication failed
2025-09-28 10:09:19 [main] INFO  c.e.m.s.MsmqIntegrationTestService - ✅ All MSMQ Integration Tests completed successfully!
2025-09-28 10:09:19 [main] INFO  c.e.m.s.MsmqIntegrationTestService - 📋 Creating Securities Settlement template...
2025-09-28 10:09:19 [main] INFO  c.e.m.s.MsmqIntegrationTestService - ℹ️ Securities Settlement template already exists, skipping creation
2025-09-28 10:09:23 [scheduling-1] WARN  c.e.m.s.EmailNotificationService - Email send attempt 2 failed, retrying in 5000ms: Authentication failed
2025-09-28 10:09:30 [scheduling-1] ERROR c.e.m.s.EmailNotificationService - Failed to send email after 3 attempts to recipients: [admin@yourcompany.com]
2025-09-28 10:09:30 [scheduling-1] ERROR c.e.m.s.EmailNotificationService - Failed to send email notification to mailing list 'System Administrators': Email send failed after 3 attempts
java.lang.RuntimeException: Email send failed after 3 attempts
	at com.enterprise.msmq.service.EmailNotificationService.sendWithRetry(EmailNotificationService.java:293)
	at com.enterprise.msmq.service.EmailNotificationService.sendEmailToMailingList(EmailNotificationService.java:108)
	at com.enterprise.msmq.service.EmailNotificationService.sendAlertNotification(EmailNotificationService.java:79)
	at com.enterprise.msmq.service.QueueMonitoringService.createAlert(QueueMonitoringService.java:250)
	at com.enterprise.msmq.service.QueueMonitoringService.checkInactiveQueues(QueueMonitoringService.java:104)
	at com.enterprise.msmq.service.ScheduledQueueSyncService.scheduledQueueSync(ScheduledQueueSyncService.java:62)
	at java.base/jdk.internal.reflect.DirectMethodHandleAccessor.invoke(DirectMethodHandleAccessor.java:103)
	at java.base/java.lang.reflect.Method.invoke(Method.java:580)
	at org.springframework.scheduling.support.ScheduledMethodRunnable.runInternal(ScheduledMethodRunnable.java:130)
	at org.springframework.scheduling.support.ScheduledMethodRunnable.lambda$run$2(ScheduledMethodRunnable.java:124)
	at io.micrometer.observation.Observation.observe(Observation.java:499)
	at org.springframework.scheduling.support.ScheduledMethodRunnable.run(ScheduledMethodRunnable.java:124)
	at org.springframework.scheduling.support.DelegatingErrorHandlingRunnable.run(DelegatingErrorHandlingRunnable.java:54)
	at java.base/java.util.concurrent.Executors$RunnableAdapter.call(Executors.java:572)
	at java.base/java.util.concurrent.FutureTask.runAndReset(FutureTask.java:358)
	at java.base/java.util.concurrent.ScheduledThreadPoolExecutor$ScheduledFutureTask.run(ScheduledThreadPoolExecutor.java:305)
	at java.base/java.util.concurrent.ThreadPoolExecutor.runWorker(ThreadPoolExecutor.java:1144)
	at java.base/java.util.concurrent.ThreadPoolExecutor$Worker.run(ThreadPoolExecutor.java:642)
	at java.base/java.lang.Thread.run(Thread.java:1583)
Caused by: org.springframework.mail.MailAuthenticationException: Authentication failed
	at org.springframework.mail.javamail.JavaMailSenderImpl.doSend(JavaMailSenderImpl.java:402)
	at org.springframework.mail.javamail.JavaMailSenderImpl.send(JavaMailSenderImpl.java:350)
	at org.springframework.mail.javamail.JavaMailSender.send(JavaMailSender.java:101)
	at com.enterprise.msmq.service.EmailNotificationService.sendWithRetry(EmailNotificationService.java:271)
	... 18 common frames omitted
Caused by: jakarta.mail.AuthenticationFailedException: 535-5.7.8 Username and Password not accepted. For more information, go to
535 5.7.8  https://support.google.com/mail/?p=BadCredentials 5b1f17b1804b1-46e330c4b0esm72061665e9.2 - gsmtp

	at org.eclipse.angus.mail.smtp.SMTPTransport$Authenticator.authenticate(SMTPTransport.java:954)
	at org.eclipse.angus.mail.smtp.SMTPTransport.authenticate(SMTPTransport.java:865)
	at org.eclipse.angus.mail.smtp.SMTPTransport.protocolConnect(SMTPTransport.java:769)
	at jakarta.mail.Service.connect(Service.java:345)
	at org.springframework.mail.javamail.JavaMailSenderImpl.connectTransport(JavaMailSenderImpl.java:480)
	at org.springframework.mail.javamail.JavaMailSenderImpl.doSend(JavaMailSenderImpl.java:399)
	... 21 common frames omitted
2025-09-28 10:09:30 [scheduling-1] INFO  c.e.m.s.EmailNotificationService - Sent email notifications for alert [QUEUE_INACTIVE_TOO_LONG] to 1 mailing lists
2025-09-28 10:10:26 [http-nio-8081-exec-3] WARN  o.s.w.s.h.HandlerMappingIntrospector - Cache miss for REQUEST dispatch to '/api/pledge-instructions/balance' (previous null). Performing MatchableHandlerMapping lookup. This is logged once only at WARN level, and every time at TRACE.
2025-09-28 10:10:26 [http-nio-8081-exec-3] INFO  c.e.m.c.PledgeInstructionController - Received pledge balance instruction request for security: TZ1996100305
2025-09-28 10:10:26 [http-nio-8081-exec-3] INFO  c.e.m.s.PledgeInstructionService - Starting pledge BALANCE operation for security: TZ1996100305 with quantity: 202
2025-09-28 10:10:26 [http-nio-8081-exec-3] INFO  c.e.m.s.PowerShellMsmqQueueManager - Sending message to remote queue via PowerShell using TCP: TCP:192.168.2.170\private$\crdb_to_dse
2025-09-28 10:10:27 [http-nio-8081-exec-3] INFO  c.e.m.s.PowerShellMsmqQueueManager - Successfully sent message to remote queue via PowerShell: TCP:192.168.2.170\private$\crdb_to_dse
2025-09-28 10:10:27 [http-nio-8081-exec-3] INFO  c.e.m.s.MsmqMessageTemplateService - Successfully sent message using template: SWIFT_PLEDGE_BALANCE_INSTRUCTION to queue: crdb_to_dse
2025-09-28 10:10:27 [http-nio-8081-exec-3] INFO  c.e.m.s.PledgeInstructionService - ✅ Pledge BALANCE instruction sent successfully. Transaction ID: 20250928101026752ZRI
2025-09-28 10:14:12 [scheduling-1] INFO  c.e.m.service.MsmqQueueSyncService - Starting MSMQ queue synchronization...
2025-09-28 10:14:12 [scheduling-1] INFO  c.e.m.service.MsmqQueueSyncService - Found 0 queues in MSMQ system
2025-09-28 10:14:12 [scheduling-1] INFO  c.e.m.service.MsmqQueueSyncService - Found 0 existing queue configurations in database
2025-09-28 10:14:12 [scheduling-1] INFO  c.e.m.service.MsmqQueueSyncService - Queue synchronization completed: Sync completed: 0 total, 0 created, 0 updated, 0 deleted
2025-09-28 10:14:12 [scheduling-1] INFO  c.e.m.s.ScheduledQueueSyncService - Scheduled queue sync completed in 494ms: Sync completed: 0 total, 0 created, 0 updated, 0 deleted
2025-09-28 10:14:12 [scheduling-1] WARN  c.e.m.service.QueueMonitoringService - ALERT [QUEUE_INACTIVE_TOO_LONG]: Queue 'default-queue' has been inactive for more than 24 hours
2025-09-28 10:14:15 [scheduling-1] WARN  c.e.m.s.EmailNotificationService - Email send attempt 1 failed, retrying in 5000ms: Authentication failed
2025-09-28 10:14:17 [http-nio-8081-exec-6] INFO  c.e.m.c.PledgeInstructionController - Received pledge release instruction request for security: TZ1996100305
2025-09-28 10:14:17 [http-nio-8081-exec-6] INFO  c.e.m.s.PledgeInstructionService - Starting pledge RELEASE operation for security: TZ1996100305 with quantity: 202
2025-09-28 10:14:17 [http-nio-8081-exec-6] INFO  c.e.m.s.PowerShellMsmqQueueManager - Sending message to remote queue via PowerShell using TCP: TCP:192.168.2.170\private$\crdb_to_dse
2025-09-28 10:14:17 [http-nio-8081-exec-6] INFO  c.e.m.s.PowerShellMsmqQueueManager - Successfully sent message to remote queue via PowerShell: TCP:192.168.2.170\private$\crdb_to_dse
2025-09-28 10:14:17 [http-nio-8081-exec-6] INFO  c.e.m.s.MsmqMessageTemplateService - Successfully sent message using template: SWIFT_PLEDGE_RELEASE_INSTRUCTION to queue: crdb_to_dse
2025-09-28 10:14:17 [http-nio-8081-exec-6] INFO  c.e.m.s.PledgeInstructionService - ✅ Pledge RELEASE instruction sent successfully. Transaction ID: 20250928101417380GNF
2025-09-28 10:14:22 [scheduling-1] WARN  c.e.m.s.EmailNotificationService - Email send attempt 2 failed, retrying in 5000ms: Authentication failed
2025-09-28 10:14:30 [scheduling-1] ERROR c.e.m.s.EmailNotificationService - Failed to send email after 3 attempts to recipients: [admin@yourcompany.com]
2025-09-28 10:14:30 [scheduling-1] ERROR c.e.m.s.EmailNotificationService - Failed to send email notification to mailing list 'System Administrators': Email send failed after 3 attempts
java.lang.RuntimeException: Email send failed after 3 attempts
	at com.enterprise.msmq.service.EmailNotificationService.sendWithRetry(EmailNotificationService.java:293)
	at com.enterprise.msmq.service.EmailNotificationService.sendEmailToMailingList(EmailNotificationService.java:108)
	at com.enterprise.msmq.service.EmailNotificationService.sendAlertNotification(EmailNotificationService.java:79)
	at com.enterprise.msmq.service.QueueMonitoringService.createAlert(QueueMonitoringService.java:250)
	at com.enterprise.msmq.service.QueueMonitoringService.checkInactiveQueues(QueueMonitoringService.java:104)
	at com.enterprise.msmq.service.ScheduledQueueSyncService.scheduledQueueSync(ScheduledQueueSyncService.java:62)
	at java.base/jdk.internal.reflect.DirectMethodHandleAccessor.invoke(DirectMethodHandleAccessor.java:103)
	at java.base/java.lang.reflect.Method.invoke(Method.java:580)
	at org.springframework.scheduling.support.ScheduledMethodRunnable.runInternal(ScheduledMethodRunnable.java:130)
	at org.springframework.scheduling.support.ScheduledMethodRunnable.lambda$run$2(ScheduledMethodRunnable.java:124)
	at io.micrometer.observation.Observation.observe(Observation.java:499)
	at org.springframework.scheduling.support.ScheduledMethodRunnable.run(ScheduledMethodRunnable.java:124)
	at org.springframework.scheduling.support.DelegatingErrorHandlingRunnable.run(DelegatingErrorHandlingRunnable.java:54)
	at java.base/java.util.concurrent.Executors$RunnableAdapter.call(Executors.java:572)
	at java.base/java.util.concurrent.FutureTask.runAndReset(FutureTask.java:358)
	at java.base/java.util.concurrent.ScheduledThreadPoolExecutor$ScheduledFutureTask.run(ScheduledThreadPoolExecutor.java:305)
	at java.base/java.util.concurrent.ThreadPoolExecutor.runWorker(ThreadPoolExecutor.java:1144)
	at java.base/java.util.concurrent.ThreadPoolExecutor$Worker.run(ThreadPoolExecutor.java:642)
	at java.base/java.lang.Thread.run(Thread.java:1583)
Caused by: org.springframework.mail.MailAuthenticationException: Authentication failed
	at org.springframework.mail.javamail.JavaMailSenderImpl.doSend(JavaMailSenderImpl.java:402)
	at org.springframework.mail.javamail.JavaMailSenderImpl.send(JavaMailSenderImpl.java:350)
	at org.springframework.mail.javamail.JavaMailSender.send(JavaMailSender.java:101)
	at com.enterprise.msmq.service.EmailNotificationService.sendWithRetry(EmailNotificationService.java:271)
	... 18 common frames omitted
Caused by: jakarta.mail.AuthenticationFailedException: 535-5.7.8 Username and Password not accepted. For more information, go to
535 5.7.8  https://support.google.com/mail/?p=BadCredentials ffacd0b85a97d-40fb8811ae8sm13264064f8f.19 - gsmtp

	at org.eclipse.angus.mail.smtp.SMTPTransport$Authenticator.authenticate(SMTPTransport.java:954)
	at org.eclipse.angus.mail.smtp.SMTPTransport.authenticate(SMTPTransport.java:865)
	at org.eclipse.angus.mail.smtp.SMTPTransport.protocolConnect(SMTPTransport.java:769)
	at jakarta.mail.Service.connect(Service.java:345)
	at org.springframework.mail.javamail.JavaMailSenderImpl.connectTransport(JavaMailSenderImpl.java:480)
	at org.springframework.mail.javamail.JavaMailSenderImpl.doSend(JavaMailSenderImpl.java:399)
	... 21 common frames omitted
2025-09-28 10:14:30 [scheduling-1] INFO  c.e.m.s.EmailNotificationService - Sent email notifications for alert [QUEUE_INACTIVE_TOO_LONG] to 1 mailing lists
